Analysis & Synthesis report for Lab06_VGA
Wed Jun 29 12:46:31 2022
Quartus Prime Version 20.1.1 Build 720 11/11/2020 SJ Lite Edition


---------------------
; Table of Contents ;
---------------------
  1. Legal Notice
  2. Analysis & Synthesis Summary
  3. Analysis & Synthesis Settings
  4. Parallel Compilation
  5. Analysis & Synthesis Source Files Read
  6. Analysis & Synthesis Resource Usage Summary
  7. Analysis & Synthesis Resource Utilization by Entity
  8. Analysis & Synthesis RAM Summary
  9. General Register Statistics
 10. Registers Packed Into Inferred Megafunctions
 11. Multiplexer Restructuring Statistics (Restructuring Performed)
 12. Source assignments for buffer_ram_dp:DP_RAM|altsyncram:ram_rtl_0|altsyncram_7l71:auto_generated
 13. Parameter Settings for User Entity Instance: Top-level Entity: |test_VGA
 14. Parameter Settings for User Entity Instance: buffer_ram_dp:DP_RAM
 15. Parameter Settings for Inferred Entity Instance: buffer_ram_dp:DP_RAM|altsyncram:ram_rtl_0
 16. altsyncram Parameter Settings by Entity Instance
 17. Port Connectivity Checks: "buffer_ram_dp:DP_RAM"
 18. Post-Synthesis Netlist Statistics for Top Partition
 19. Elapsed Time Per Partition
 20. Analysis & Synthesis Messages



----------------
; Legal Notice ;
----------------
Copyright (C) 2020  Intel Corporation. All rights reserved.
Your use of Intel Corporation's design tools, logic functions 
and other software and tools, and any partner logic 
functions, and any output files from any of the foregoing 
(including device programming or simulation files), and any 
associated documentation or information are expressly subject 
to the terms and conditions of the Intel Program License 
Subscription Agreement, the Intel Quartus Prime License Agreement,
the Intel FPGA IP License Agreement, or other applicable license
agreement, including, without limitation, that your use is for
the sole purpose of programming logic devices manufactured by
Intel and sold by Intel or its authorized distributors.  Please
refer to the applicable agreement for further details, at
https://fpgasoftware.intel.com/eula.



+----------------------------------------------------------------------------------+
; Analysis & Synthesis Summary                                                     ;
+------------------------------------+---------------------------------------------+
; Analysis & Synthesis Status        ; Successful - Wed Jun 29 12:46:31 2022       ;
; Quartus Prime Version              ; 20.1.1 Build 720 11/11/2020 SJ Lite Edition ;
; Revision Name                      ; Lab06_VGA                                   ;
; Top-level Entity Name              ; test_VGA                                    ;
; Family                             ; Cyclone IV E                                ;
; Total logic elements               ; 92                                          ;
;     Total combinational functions  ; 92                                          ;
;     Dedicated logic registers      ; 22                                          ;
; Total registers                    ; 22                                          ;
; Total pins                         ; 9                                           ;
; Total virtual pins                 ; 0                                           ;
; Total memory bits                  ; 98,304                                      ;
; Embedded Multiplier 9-bit elements ; 0                                           ;
; Total PLLs                         ; 0                                           ;
+------------------------------------+---------------------------------------------+


+------------------------------------------------------------------------------------------------------------+
; Analysis & Synthesis Settings                                                                              ;
+------------------------------------------------------------------+--------------------+--------------------+
; Option                                                           ; Setting            ; Default Value      ;
+------------------------------------------------------------------+--------------------+--------------------+
; Device                                                           ; EP4CE10E22C8       ;                    ;
; Top-level entity name                                            ; test_VGA           ; Lab06_VGA          ;
; Family name                                                      ; Cyclone IV E       ; Cyclone V          ;
; Use smart compilation                                            ; Off                ; Off                ;
; Enable parallel Assembler and Timing Analyzer during compilation ; On                 ; On                 ;
; Enable compact report table                                      ; Off                ; Off                ;
; Restructure Multiplexers                                         ; Auto               ; Auto               ;
; Create Debugging Nodes for IP Cores                              ; Off                ; Off                ;
; Preserve fewer node names                                        ; On                 ; On                 ;
; Intel FPGA IP Evaluation Mode                                    ; Enable             ; Enable             ;
; Verilog Version                                                  ; Verilog_2001       ; Verilog_2001       ;
; VHDL Version                                                     ; VHDL_1993          ; VHDL_1993          ;
; State Machine Processing                                         ; Auto               ; Auto               ;
; Safe State Machine                                               ; Off                ; Off                ;
; Extract Verilog State Machines                                   ; On                 ; On                 ;
; Extract VHDL State Machines                                      ; On                 ; On                 ;
; Ignore Verilog initial constructs                                ; Off                ; Off                ;
; Iteration limit for constant Verilog loops                       ; 5000               ; 5000               ;
; Iteration limit for non-constant Verilog loops                   ; 250                ; 250                ;
; Add Pass-Through Logic to Inferred RAMs                          ; On                 ; On                 ;
; Infer RAMs from Raw Logic                                        ; On                 ; On                 ;
; Parallel Synthesis                                               ; On                 ; On                 ;
; DSP Block Balancing                                              ; Auto               ; Auto               ;
; NOT Gate Push-Back                                               ; On                 ; On                 ;
; Power-Up Don't Care                                              ; On                 ; On                 ;
; Remove Redundant Logic Cells                                     ; Off                ; Off                ;
; Remove Duplicate Registers                                       ; On                 ; On                 ;
; Ignore CARRY Buffers                                             ; Off                ; Off                ;
; Ignore CASCADE Buffers                                           ; Off                ; Off                ;
; Ignore GLOBAL Buffers                                            ; Off                ; Off                ;
; Ignore ROW GLOBAL Buffers                                        ; Off                ; Off                ;
; Ignore LCELL Buffers                                             ; Off                ; Off                ;
; Ignore SOFT Buffers                                              ; On                 ; On                 ;
; Limit AHDL Integers to 32 Bits                                   ; Off                ; Off                ;
; Optimization Technique                                           ; Balanced           ; Balanced           ;
; Carry Chain Length                                               ; 70                 ; 70                 ;
; Auto Carry Chains                                                ; On                 ; On                 ;
; Auto Open-Drain Pins                                             ; On                 ; On                 ;
; Perform WYSIWYG Primitive Resynthesis                            ; Off                ; Off                ;
; Auto ROM Replacement                                             ; On                 ; On                 ;
; Auto RAM Replacement                                             ; On                 ; On                 ;
; Auto DSP Block Replacement                                       ; On                 ; On                 ;
; Auto Shift Register Replacement                                  ; Auto               ; Auto               ;
; Allow Shift Register Merging across Hierarchies                  ; Auto               ; Auto               ;
; Auto Clock Enable Replacement                                    ; On                 ; On                 ;
; Strict RAM Replacement                                           ; Off                ; Off                ;
; Allow Synchronous Control Signals                                ; On                 ; On                 ;
; Force Use of Synchronous Clear Signals                           ; Off                ; Off                ;
; Auto RAM Block Balancing                                         ; On                 ; On                 ;
; Auto RAM to Logic Cell Conversion                                ; Off                ; Off                ;
; Auto Resource Sharing                                            ; Off                ; Off                ;
; Allow Any RAM Size For Recognition                               ; Off                ; Off                ;
; Allow Any ROM Size For Recognition                               ; Off                ; Off                ;
; Allow Any Shift Register Size For Recognition                    ; Off                ; Off                ;
; Use LogicLock Constraints during Resource Balancing              ; On                 ; On                 ;
; Ignore translate_off and synthesis_off directives                ; Off                ; Off                ;
; Timing-Driven Synthesis                                          ; On                 ; On                 ;
; Report Parameter Settings                                        ; On                 ; On                 ;
; Report Source Assignments                                        ; On                 ; On                 ;
; Report Connectivity Checks                                       ; On                 ; On                 ;
; Ignore Maximum Fan-Out Assignments                               ; Off                ; Off                ;
; Synchronization Register Chain Length                            ; 2                  ; 2                  ;
; Power Optimization During Synthesis                              ; Normal compilation ; Normal compilation ;
; HDL message level                                                ; Level2             ; Level2             ;
; Suppress Register Optimization Related Messages                  ; Off                ; Off                ;
; Number of Removed Registers Reported in Synthesis Report         ; 5000               ; 5000               ;
; Number of Swept Nodes Reported in Synthesis Report               ; 5000               ; 5000               ;
; Number of Inverted Registers Reported in Synthesis Report        ; 100                ; 100                ;
; Clock MUX Protection                                             ; On                 ; On                 ;
; Auto Gated Clock Conversion                                      ; Off                ; Off                ;
; Block Design Naming                                              ; Auto               ; Auto               ;
; SDC constraint protection                                        ; Off                ; Off                ;
; Synthesis Effort                                                 ; Auto               ; Auto               ;
; Shift Register Replacement - Allow Asynchronous Clear Signal     ; On                 ; On                 ;
; Pre-Mapping Resynthesis Optimization                             ; Off                ; Off                ;
; Analysis & Synthesis Message Level                               ; Medium             ; Medium             ;
; Disable Register Merging Across Hierarchies                      ; Auto               ; Auto               ;
; Resource Aware Inference For Block RAM                           ; On                 ; On                 ;
+------------------------------------------------------------------+--------------------+--------------------+


+------------------------------------------+
; Parallel Compilation                     ;
+----------------------------+-------------+
; Processors                 ; Number      ;
+----------------------------+-------------+
; Number detected on machine ; 4           ;
; Maximum allowed            ; 2           ;
;                            ;             ;
; Average used               ; 1.00        ;
; Maximum used               ; 2           ;
;                            ;             ;
; Usage by Processor         ; % Time Used ;
;     Processor 1            ; 100.0%      ;
;     Processor 2            ;   0.0%      ;
+----------------------------+-------------+


+---------------------------------------------------------------------------------------------------------------------------------------------------------------------------------------------------------------------------------------------------------------+
; Analysis & Synthesis Source Files Read                                                                                                                                                                                                                        ;
+--------------------------------------------------+-----------------+-------------------------------------------------------+------------------------------------------------------------------------------------------------------------------------+---------+
; File Name with User-Entered Path                 ; Used in Netlist ; File Type                                             ; File Name with Absolute Path                                                                                           ; Library ;
+--------------------------------------------------+-----------------+-------------------------------------------------------+------------------------------------------------------------------------------------------------------------------------+---------+
; hdl/scr/VGA_driver.v                             ; yes             ; User Verilog HDL File                                 ; C:/Users/gabri/Documents/GitHub/lab06-2022-1-grupo03-22-1-os_melhores/hdl/scr/VGA_driver.v                             ;         ;
; hdl/scr/test_VGA.v                               ; yes             ; User Verilog HDL File                                 ; C:/Users/gabri/Documents/GitHub/lab06-2022-1-grupo03-22-1-os_melhores/hdl/scr/test_VGA.v                               ;         ;
; hdl/scr/buffer_ram_dp.v                          ; yes             ; User Verilog HDL File                                 ; C:/Users/gabri/Documents/GitHub/lab06-2022-1-grupo03-22-1-os_melhores/hdl/scr/buffer_ram_dp.v                          ;         ;
; altsyncram.tdf                                   ; yes             ; Megafunction                                          ; c:/intelfpga_lite/20.1/quartus/libraries/megafunctions/altsyncram.tdf                                                  ;         ;
; stratix_ram_block.inc                            ; yes             ; Megafunction                                          ; c:/intelfpga_lite/20.1/quartus/libraries/megafunctions/stratix_ram_block.inc                                           ;         ;
; lpm_mux.inc                                      ; yes             ; Megafunction                                          ; c:/intelfpga_lite/20.1/quartus/libraries/megafunctions/lpm_mux.inc                                                     ;         ;
; lpm_decode.inc                                   ; yes             ; Megafunction                                          ; c:/intelfpga_lite/20.1/quartus/libraries/megafunctions/lpm_decode.inc                                                  ;         ;
; aglobal201.inc                                   ; yes             ; Megafunction                                          ; c:/intelfpga_lite/20.1/quartus/libraries/megafunctions/aglobal201.inc                                                  ;         ;
; a_rdenreg.inc                                    ; yes             ; Megafunction                                          ; c:/intelfpga_lite/20.1/quartus/libraries/megafunctions/a_rdenreg.inc                                                   ;         ;
; altrom.inc                                       ; yes             ; Megafunction                                          ; c:/intelfpga_lite/20.1/quartus/libraries/megafunctions/altrom.inc                                                      ;         ;
; altram.inc                                       ; yes             ; Megafunction                                          ; c:/intelfpga_lite/20.1/quartus/libraries/megafunctions/altram.inc                                                      ;         ;
; altdpram.inc                                     ; yes             ; Megafunction                                          ; c:/intelfpga_lite/20.1/quartus/libraries/megafunctions/altdpram.inc                                                    ;         ;
; db/altsyncram_7l71.tdf                           ; yes             ; Auto-Generated Megafunction                           ; C:/Users/gabri/Documents/GitHub/lab06-2022-1-grupo03-22-1-os_melhores/db/altsyncram_7l71.tdf                           ;         ;
; db/Lab06_VGA.ram0_buffer_ram_dp_3a653461.hdl.mif ; yes             ; Auto-Generated Auto-Found Memory Initialization File  ; C:/Users/gabri/Documents/GitHub/lab06-2022-1-grupo03-22-1-os_melhores/db/Lab06_VGA.ram0_buffer_ram_dp_3a653461.hdl.mif ;         ;
; db/decode_f8a.tdf                                ; yes             ; Auto-Generated Megafunction                           ; C:/Users/gabri/Documents/GitHub/lab06-2022-1-grupo03-22-1-os_melhores/db/decode_f8a.tdf                                ;         ;
; db/mux_1nb.tdf                                   ; yes             ; Auto-Generated Megafunction                           ; C:/Users/gabri/Documents/GitHub/lab06-2022-1-grupo03-22-1-os_melhores/db/mux_1nb.tdf                                   ;         ;
+--------------------------------------------------+-----------------+-------------------------------------------------------+------------------------------------------------------------------------------------------------------------------------+---------+


+------------------------------------------------------+
; Analysis & Synthesis Resource Usage Summary          ;
+---------------------------------------------+--------+
; Resource                                    ; Usage  ;
+---------------------------------------------+--------+
; Estimated Total logic elements              ; 92     ;
;                                             ;        ;
; Total combinational functions               ; 92     ;
; Logic element usage by number of LUT inputs ;        ;
;     -- 4 input functions                    ; 11     ;
;     -- 3 input functions                    ; 27     ;
;     -- <=2 input functions                  ; 54     ;
;                                             ;        ;
; Logic elements by mode                      ;        ;
;     -- normal mode                          ; 47     ;
;     -- arithmetic mode                      ; 45     ;
;                                             ;        ;
; Total registers                             ; 22     ;
;     -- Dedicated logic registers            ; 22     ;
;     -- I/O registers                        ; 0      ;
;                                             ;        ;
; I/O pins                                    ; 9      ;
; Total memory bits                           ; 98304  ;
;                                             ;        ;
; Embedded Multiplier 9-bit elements          ; 0      ;
;                                             ;        ;
; Maximum fan-out node                        ; clk25M ;
; Maximum fan-out                             ; 35     ;
; Total fan-out                               ; 508    ;
; Average fan-out                             ; 3.53   ;
+---------------------------------------------+--------+


+---------------------------------------------------------------------------------------------------------------------------------------------------------------------------------------------------------------------------------------------------------------------------------------------------------------------+
; Analysis & Synthesis Resource Utilization by Entity                                                                                                                                                                                                                                                                 ;
+-------------------------------------------+---------------------+---------------------------+-------------+--------------+---------+-----------+------+--------------+-----------------------------------------------------------------------------------------------------------+-------------------+--------------+
; Compilation Hierarchy Node                ; Combinational ALUTs ; Dedicated Logic Registers ; Memory Bits ; DSP Elements ; DSP 9x9 ; DSP 18x18 ; Pins ; Virtual Pins ; Full Hierarchy Name                                                                                       ; Entity Name       ; Library Name ;
+-------------------------------------------+---------------------+---------------------------+-------------+--------------+---------+-----------+------+--------------+-----------------------------------------------------------------------------------------------------------+-------------------+--------------+
; |test_VGA                                 ; 92 (53)             ; 22 (1)                    ; 98304       ; 0            ; 0       ; 0         ; 9    ; 0            ; |test_VGA                                                                                                 ; test_VGA          ; work         ;
;    |VGA_Driver640x480:VGA640x480|         ; 35 (35)             ; 19 (19)                   ; 0           ; 0            ; 0       ; 0         ; 0    ; 0            ; |test_VGA|VGA_Driver640x480:VGA640x480                                                                    ; VGA_Driver640x480 ; work         ;
;    |buffer_ram_dp:DP_RAM|                 ; 4 (0)               ; 2 (0)                     ; 98304       ; 0            ; 0       ; 0         ; 0    ; 0            ; |test_VGA|buffer_ram_dp:DP_RAM                                                                            ; buffer_ram_dp     ; work         ;
;       |altsyncram:ram_rtl_0|              ; 4 (0)               ; 2 (0)                     ; 98304       ; 0            ; 0       ; 0         ; 0    ; 0            ; |test_VGA|buffer_ram_dp:DP_RAM|altsyncram:ram_rtl_0                                                       ; altsyncram        ; work         ;
;          |altsyncram_7l71:auto_generated| ; 4 (0)               ; 2 (2)                     ; 98304       ; 0            ; 0       ; 0         ; 0    ; 0            ; |test_VGA|buffer_ram_dp:DP_RAM|altsyncram:ram_rtl_0|altsyncram_7l71:auto_generated                        ; altsyncram_7l71   ; work         ;
;             |decode_f8a:rden_decode|      ; 4 (4)               ; 0 (0)                     ; 0           ; 0            ; 0       ; 0         ; 0    ; 0            ; |test_VGA|buffer_ram_dp:DP_RAM|altsyncram:ram_rtl_0|altsyncram_7l71:auto_generated|decode_f8a:rden_decode ; decode_f8a        ; work         ;
+-------------------------------------------+---------------------+---------------------------+-------------+--------------+---------+-----------+------+--------------+-----------------------------------------------------------------------------------------------------------+-------------------+--------------+
Note: For table entries with two numbers listed, the numbers in parentheses indicate the number of resources of the given type used by the specific entity alone. The numbers listed outside of parentheses indicate the total resources of the given type used by the specific entity and all of its sub-entities in the hierarchy.


+--------------------------------------------------------------------------------------------------------------------------------------------------------------------------------------------------------------------------+
; Analysis & Synthesis RAM Summary                                                                                                                                                                                         ;
+-------------------------------------------------------------------------------------+------+------+--------------+--------------+--------------+--------------+-------+--------------------------------------------------+
; Name                                                                                ; Type ; Mode ; Port A Depth ; Port A Width ; Port B Depth ; Port B Width ; Size  ; MIF                                              ;
+-------------------------------------------------------------------------------------+------+------+--------------+--------------+--------------+--------------+-------+--------------------------------------------------+
; buffer_ram_dp:DP_RAM|altsyncram:ram_rtl_0|altsyncram_7l71:auto_generated|ALTSYNCRAM ; AUTO ; ROM  ; 32768        ; 3            ; --           ; --           ; 98304 ; db/Lab06_VGA.ram0_buffer_ram_dp_3a653461.hdl.mif ;
+-------------------------------------------------------------------------------------+------+------+--------------+--------------+--------------+--------------+-------+--------------------------------------------------+


+------------------------------------------------------+
; General Register Statistics                          ;
+----------------------------------------------+-------+
; Statistic                                    ; Value ;
+----------------------------------------------+-------+
; Total registers                              ; 22    ;
; Number of registers using Synchronous Clear  ; 0     ;
; Number of registers using Synchronous Load   ; 19    ;
; Number of registers using Asynchronous Clear ; 0     ;
; Number of registers using Asynchronous Load  ; 0     ;
; Number of registers using Clock Enable       ; 9     ;
; Number of registers using Preset             ; 0     ;
+----------------------------------------------+-------+


+-----------------------------------------------------------------------------+
; Registers Packed Into Inferred Megafunctions                                ;
+-------------------------------------+--------------------------------+------+
; Register Name                       ; Megafunction                   ; Type ;
+-------------------------------------+--------------------------------+------+
; buffer_ram_dp:DP_RAM|data_out[0..2] ; buffer_ram_dp:DP_RAM|ram_rtl_0 ; RAM  ;
+-------------------------------------+--------------------------------+------+


+----------------------------------------------------------------------------------------------------------------------------------------------------------------+
; Multiplexer Restructuring Statistics (Restructuring Performed)                                                                                                 ;
+--------------------+-----------+---------------+----------------------+------------------------+------------+--------------------------------------------------+
; Multiplexer Inputs ; Bus Width ; Baseline Area ; Area if Restructured ; Saving if Restructured ; Registered ; Example Multiplexer Output                       ;
+--------------------+-----------+---------------+----------------------+------------------------+------------+--------------------------------------------------+
; 3:1                ; 9 bits    ; 18 LEs        ; 9 LEs                ; 9 LEs                  ; Yes        ; |test_VGA|VGA_Driver640x480:VGA640x480|countY[3] ;
; 3:1                ; 10 bits   ; 20 LEs        ; 20 LEs               ; 0 LEs                  ; Yes        ; |test_VGA|VGA_Driver640x480:VGA640x480|countX[9] ;
+--------------------+-----------+---------------+----------------------+------------------------+------------+--------------------------------------------------+


+-------------------------------------------------------------------------------------------------+
; Source assignments for buffer_ram_dp:DP_RAM|altsyncram:ram_rtl_0|altsyncram_7l71:auto_generated ;
+---------------------------------+--------------------+------+-----------------------------------+
; Assignment                      ; Value              ; From ; To                                ;
+---------------------------------+--------------------+------+-----------------------------------+
; OPTIMIZE_POWER_DURING_SYNTHESIS ; NORMAL_COMPILATION ; -    ; -                                 ;
+---------------------------------+--------------------+------+-----------------------------------+


+--------------------------------------------------------------------------+
; Parameter Settings for User Entity Instance: Top-level Entity: |test_VGA ;
+----------------+-------+-------------------------------------------------+
; Parameter Name ; Value ; Type                                            ;
+----------------+-------+-------------------------------------------------+
; CAM_SCREEN_X   ; 160   ; Signed Integer                                  ;
; CAM_SCREEN_Y   ; 120   ; Signed Integer                                  ;
+----------------+-------+-------------------------------------------------+
Note: In order to hide this table in the UI and the text report file, please set the "Show Parameter Settings in Synthesis Report" option in "Analysis and Synthesis Settings -> More Settings" to "Off".


+---------------------------------------------------------------------------------------------------------------------------+
; Parameter Settings for User Entity Instance: buffer_ram_dp:DP_RAM                                                         ;
+----------------+-----------------------------------------------------------------------------------------+----------------+
; Parameter Name ; Value                                                                                   ; Type           ;
+----------------+-----------------------------------------------------------------------------------------+----------------+
; AW             ; 15                                                                                      ; Signed Integer ;
; DW             ; 3                                                                                       ; Signed Integer ;
; imageFILE      ; C:/Users/gabri/Documents/GitHub/lab06-2022-1-grupo03-22-1-os_melhores/hdl/scr/image.men ; String         ;
+----------------+-----------------------------------------------------------------------------------------+----------------+
Note: In order to hide this table in the UI and the text report file, please set the "Show Parameter Settings in Synthesis Report" option in "Analysis and Synthesis Settings -> More Settings" to "Off".


+--------------------------------------------------------------------------------------------------------+
; Parameter Settings for Inferred Entity Instance: buffer_ram_dp:DP_RAM|altsyncram:ram_rtl_0             ;
+------------------------------------+--------------------------------------------------+----------------+
; Parameter Name                     ; Value                                            ; Type           ;
+------------------------------------+--------------------------------------------------+----------------+
; BYTE_SIZE_BLOCK                    ; 8                                                ; Untyped        ;
; AUTO_CARRY_CHAINS                  ; ON                                               ; AUTO_CARRY     ;
; IGNORE_CARRY_BUFFERS               ; OFF                                              ; IGNORE_CARRY   ;
; AUTO_CASCADE_CHAINS                ; ON                                               ; AUTO_CASCADE   ;
; IGNORE_CASCADE_BUFFERS             ; OFF                                              ; IGNORE_CASCADE ;
; WIDTH_BYTEENA                      ; 1                                                ; Untyped        ;
; OPERATION_MODE                     ; ROM                                              ; Untyped        ;
; WIDTH_A                            ; 3                                                ; Untyped        ;
; WIDTHAD_A                          ; 15                                               ; Untyped        ;
; NUMWORDS_A                         ; 32768                                            ; Untyped        ;
; OUTDATA_REG_A                      ; UNREGISTERED                                     ; Untyped        ;
; ADDRESS_ACLR_A                     ; NONE                                             ; Untyped        ;
; OUTDATA_ACLR_A                     ; NONE                                             ; Untyped        ;
; WRCONTROL_ACLR_A                   ; NONE                                             ; Untyped        ;
; INDATA_ACLR_A                      ; NONE                                             ; Untyped        ;
; BYTEENA_ACLR_A                     ; NONE                                             ; Untyped        ;
; WIDTH_B                            ; 1                                                ; Untyped        ;
; WIDTHAD_B                          ; 1                                                ; Untyped        ;
; NUMWORDS_B                         ; 1                                                ; Untyped        ;
; INDATA_REG_B                       ; CLOCK1                                           ; Untyped        ;
; WRCONTROL_WRADDRESS_REG_B          ; CLOCK1                                           ; Untyped        ;
; RDCONTROL_REG_B                    ; CLOCK1                                           ; Untyped        ;
; ADDRESS_REG_B                      ; CLOCK1                                           ; Untyped        ;
; OUTDATA_REG_B                      ; UNREGISTERED                                     ; Untyped        ;
; BYTEENA_REG_B                      ; CLOCK1                                           ; Untyped        ;
; INDATA_ACLR_B                      ; NONE                                             ; Untyped        ;
; WRCONTROL_ACLR_B                   ; NONE                                             ; Untyped        ;
; ADDRESS_ACLR_B                     ; NONE                                             ; Untyped        ;
; OUTDATA_ACLR_B                     ; NONE                                             ; Untyped        ;
; RDCONTROL_ACLR_B                   ; NONE                                             ; Untyped        ;
; BYTEENA_ACLR_B                     ; NONE                                             ; Untyped        ;
; WIDTH_BYTEENA_A                    ; 1                                                ; Untyped        ;
; WIDTH_BYTEENA_B                    ; 1                                                ; Untyped        ;
; RAM_BLOCK_TYPE                     ; AUTO                                             ; Untyped        ;
; BYTE_SIZE                          ; 8                                                ; Untyped        ;
; READ_DURING_WRITE_MODE_MIXED_PORTS ; DONT_CARE                                        ; Untyped        ;
; READ_DURING_WRITE_MODE_PORT_A      ; NEW_DATA_NO_NBE_READ                             ; Untyped        ;
; READ_DURING_WRITE_MODE_PORT_B      ; NEW_DATA_NO_NBE_READ                             ; Untyped        ;
; INIT_FILE                          ; db/Lab06_VGA.ram0_buffer_ram_dp_3a653461.hdl.mif ; Untyped        ;
; INIT_FILE_LAYOUT                   ; PORT_A                                           ; Untyped        ;
; MAXIMUM_DEPTH                      ; 0                                                ; Untyped        ;
; CLOCK_ENABLE_INPUT_A               ; NORMAL                                           ; Untyped        ;
; CLOCK_ENABLE_INPUT_B               ; NORMAL                                           ; Untyped        ;
; CLOCK_ENABLE_OUTPUT_A              ; NORMAL                                           ; Untyped        ;
; CLOCK_ENABLE_OUTPUT_B              ; NORMAL                                           ; Untyped        ;
; CLOCK_ENABLE_CORE_A                ; USE_INPUT_CLKEN                                  ; Untyped        ;
; CLOCK_ENABLE_CORE_B                ; USE_INPUT_CLKEN                                  ; Untyped        ;
; ENABLE_ECC                         ; FALSE                                            ; Untyped        ;
; ECC_PIPELINE_STAGE_ENABLED         ; FALSE                                            ; Untyped        ;
; WIDTH_ECCSTATUS                    ; 3                                                ; Untyped        ;
; DEVICE_FAMILY                      ; Cyclone IV E                                     ; Untyped        ;
; CBXI_PARAMETER                     ; altsyncram_7l71                                  ; Untyped        ;
+------------------------------------+--------------------------------------------------+----------------+
Note: In order to hide this table in the UI and the text report file, please set the "Show Parameter Settings in Synthesis Report" option in "Analysis and Synthesis Settings -> More Settings" to "Off".


+---------------------------------------------------------------------------------------+
; altsyncram Parameter Settings by Entity Instance                                      ;
+-------------------------------------------+-------------------------------------------+
; Name                                      ; Value                                     ;
+-------------------------------------------+-------------------------------------------+
; Number of entity instances                ; 1                                         ;
; Entity Instance                           ; buffer_ram_dp:DP_RAM|altsyncram:ram_rtl_0 ;
;     -- OPERATION_MODE                     ; ROM                                       ;
;     -- WIDTH_A                            ; 3                                         ;
;     -- NUMWORDS_A                         ; 32768                                     ;
;     -- OUTDATA_REG_A                      ; UNREGISTERED                              ;
;     -- WIDTH_B                            ; 1                                         ;
;     -- NUMWORDS_B                         ; 1                                         ;
;     -- ADDRESS_REG_B                      ; CLOCK1                                    ;
;     -- OUTDATA_REG_B                      ; UNREGISTERED                              ;
;     -- RAM_BLOCK_TYPE                     ; AUTO                                      ;
;     -- READ_DURING_WRITE_MODE_MIXED_PORTS ; DONT_CARE                                 ;
+-------------------------------------------+-------------------------------------------+


+-------------------------------------------------------------------------------------------------------------------------------------------------------------------------+
; Port Connectivity Checks: "buffer_ram_dp:DP_RAM"                                                                                                                        ;
+-------+-------+----------+----------------------------------------------------------------------------------------------------------------------------------------------+
; Port  ; Type  ; Severity ; Details                                                                                                                                      ;
+-------+-------+----------+----------------------------------------------------------------------------------------------------------------------------------------------+
; reset ; Input ; Warning  ; Declared by entity but not connected by instance. If a default value exists, it will be used.  Otherwise, the port will be connected to GND. ;
+-------+-------+----------+----------------------------------------------------------------------------------------------------------------------------------------------+


+-----------------------------------------------------+
; Post-Synthesis Netlist Statistics for Top Partition ;
+-----------------------+-----------------------------+
; Type                  ; Count                       ;
+-----------------------+-----------------------------+
; boundary_port         ; 9                           ;
; cycloneiii_ff         ; 22                          ;
;     ENA SLD           ; 9                           ;
;     SLD               ; 10                          ;
;     plain             ; 3                           ;
; cycloneiii_lcell_comb ; 92                          ;
;     arith             ; 45                          ;
;         1 data inputs ; 1                           ;
;         2 data inputs ; 30                          ;
;         3 data inputs ; 14                          ;
;     normal            ; 47                          ;
;         0 data inputs ; 2                           ;
;         1 data inputs ; 5                           ;
;         2 data inputs ; 16                          ;
;         3 data inputs ; 13                          ;
;         4 data inputs ; 11                          ;
; cycloneiii_ram_block  ; 12                          ;
;                       ;                             ;
; Max LUT depth         ; 5.10                        ;
; Average LUT depth     ; 3.25                        ;
+-----------------------+-----------------------------+


+-------------------------------+
; Elapsed Time Per Partition    ;
+----------------+--------------+
; Partition Name ; Elapsed Time ;
+----------------+--------------+
; Top            ; 00:00:07     ;
+----------------+--------------+


+-------------------------------+
; Analysis & Synthesis Messages ;
+-------------------------------+
Info: *******************************************************************
Info: Running Quartus Prime Analysis & Synthesis
    Info: Version 20.1.1 Build 720 11/11/2020 SJ Lite Edition
    Info: Processing started: Wed Jun 29 12:46:12 2022
Info: Command: quartus_map --read_settings_files=on --write_settings_files=off Lab06_VGA -c Lab06_VGA
Warning (18236): Number of processors has not been specified which may cause overloading on shared machines.  Set the global assignment NUM_PARALLEL_PROCESSORS in your QSF to an appropriate value for best performance.
Info (20030): Parallel compilation is enabled and will use 2 of the 2 processors detected
Info (12021): Found 1 design units, including 1 entities, in source file hdl/scr/vga_driver.v
    Info (12023): Found entity 1: VGA_Driver640x480 File: C:/Users/gabri/Documents/GitHub/lab06-2022-1-grupo03-22-1-os_melhores/hdl/scr/VGA_driver.v Line: 18
Info (12021): Found 1 design units, including 1 entities, in source file hdl/scr/test_vga_tb.v
    Info (12023): Found entity 1: test_VGA_TB File: C:/Users/gabri/Documents/GitHub/lab06-2022-1-grupo03-22-1-os_melhores/hdl/scr/test_VGA_TB.v Line: 22
Info (12021): Found 1 design units, including 1 entities, in source file hdl/scr/test_vga.v
    Info (12023): Found entity 1: test_VGA File: C:/Users/gabri/Documents/GitHub/lab06-2022-1-grupo03-22-1-os_melhores/hdl/scr/test_VGA.v Line: 21
Info (12021): Found 1 design units, including 1 entities, in source file hdl/scr/fsm_game.v
    Info (12023): Found entity 1: FSM_game File: C:/Users/gabri/Documents/GitHub/lab06-2022-1-grupo03-22-1-os_melhores/hdl/scr/FSM_game.v Line: 3
Info (12021): Found 1 design units, including 1 entities, in source file hdl/scr/buffer_ram_dp.v
    Info (12023): Found entity 1: buffer_ram_dp File: C:/Users/gabri/Documents/GitHub/lab06-2022-1-grupo03-22-1-os_melhores/hdl/scr/buffer_ram_dp.v Line: 19
Info (12021): Found 1 design units, including 1 entities, in source file clcmelhores.v
    Info (12023): Found entity 1: clcmelhores File: C:/Users/gabri/Documents/GitHub/lab06-2022-1-grupo03-22-1-os_melhores/clcmelhores.v Line: 40
Info (12021): Found 1 design units, including 1 entities, in source file clcmelhores2.v
    Info (12023): Found entity 1: clcmelhores2 File: C:/Users/gabri/Documents/GitHub/lab06-2022-1-grupo03-22-1-os_melhores/clcmelhores2.v Line: 40
Info (12127): Elaborating entity "test_VGA" for the top level hierarchy
Warning (10230): Verilog HDL assignment warning at test_VGA.v(124): truncated value with size 32 to match size of target (15) File: C:/Users/gabri/Documents/GitHub/lab06-2022-1-grupo03-22-1-os_melhores/hdl/scr/test_VGA.v Line: 124
Info (12128): Elaborating entity "buffer_ram_dp" for hierarchy "buffer_ram_dp:DP_RAM" File: C:/Users/gabri/Documents/GitHub/lab06-2022-1-grupo03-22-1-os_melhores/hdl/scr/test_VGA.v Line: 100
Warning (10850): Verilog HDL warning at buffer_ram_dp.v(54): number of words (19214) in memory file does not match the number of elements in the address range [0:32767] File: C:/Users/gabri/Documents/GitHub/lab06-2022-1-grupo03-22-1-os_melhores/hdl/scr/buffer_ram_dp.v Line: 54
Info (12128): Elaborating entity "VGA_Driver640x480" for hierarchy "VGA_Driver640x480:VGA640x480" File: C:/Users/gabri/Documents/GitHub/lab06-2022-1-grupo03-22-1-os_melhores/hdl/scr/test_VGA.v Line: 116
Warning (10230): Verilog HDL assignment warning at VGA_driver.v(57): truncated value with size 32 to match size of target (10) File: C:/Users/gabri/Documents/GitHub/lab06-2022-1-grupo03-22-1-os_melhores/hdl/scr/VGA_driver.v Line: 57
Warning (10230): Verilog HDL assignment warning at VGA_driver.v(58): truncated value with size 32 to match size of target (9) File: C:/Users/gabri/Documents/GitHub/lab06-2022-1-grupo03-22-1-os_melhores/hdl/scr/VGA_driver.v Line: 58
Warning (10230): Verilog HDL assignment warning at VGA_driver.v(67): truncated value with size 32 to match size of target (9) File: C:/Users/gabri/Documents/GitHub/lab06-2022-1-grupo03-22-1-os_melhores/hdl/scr/VGA_driver.v Line: 67
Warning (10230): Verilog HDL assignment warning at VGA_driver.v(71): truncated value with size 32 to match size of target (10) File: C:/Users/gabri/Documents/GitHub/lab06-2022-1-grupo03-22-1-os_melhores/hdl/scr/VGA_driver.v Line: 71
Info (19000): Inferred 1 megafunctions from design logic
    Info (276029): Inferred altsyncram megafunction from the following design logic: "buffer_ram_dp:DP_RAM|ram_rtl_0" 
        Info (286033): Parameter OPERATION_MODE set to ROM
        Info (286033): Parameter WIDTH_A set to 3
        Info (286033): Parameter WIDTHAD_A set to 15
        Info (286033): Parameter NUMWORDS_A set to 32768
        Info (286033): Parameter OUTDATA_REG_A set to UNREGISTERED
        Info (286033): Parameter ADDRESS_ACLR_A set to NONE
        Info (286033): Parameter OUTDATA_ACLR_A set to NONE
        Info (286033): Parameter INDATA_ACLR_A set to NONE
        Info (286033): Parameter WRCONTROL_ACLR_A set to NONE
        Info (286033): Parameter INIT_FILE set to db/Lab06_VGA.ram0_buffer_ram_dp_3a653461.hdl.mif
Info (12130): Elaborated megafunction instantiation "buffer_ram_dp:DP_RAM|altsyncram:ram_rtl_0"
Info (12133): Instantiated megafunction "buffer_ram_dp:DP_RAM|altsyncram:ram_rtl_0" with the following parameter:
    Info (12134): Parameter "OPERATION_MODE" = "ROM"
    Info (12134): Parameter "WIDTH_A" = "3"
    Info (12134): Parameter "WIDTHAD_A" = "15"
    Info (12134): Parameter "NUMWORDS_A" = "32768"
    Info (12134): Parameter "OUTDATA_REG_A" = "UNREGISTERED"
    Info (12134): Parameter "ADDRESS_ACLR_A" = "NONE"
    Info (12134): Parameter "OUTDATA_ACLR_A" = "NONE"
    Info (12134): Parameter "INDATA_ACLR_A" = "NONE"
    Info (12134): Parameter "WRCONTROL_ACLR_A" = "NONE"
    Info (12134): Parameter "INIT_FILE" = "db/Lab06_VGA.ram0_buffer_ram_dp_3a653461.hdl.mif"
Info (12021): Found 1 design units, including 1 entities, in source file db/altsyncram_7l71.tdf
    Info (12023): Found entity 1: altsyncram_7l71 File: C:/Users/gabri/Documents/GitHub/lab06-2022-1-grupo03-22-1-os_melhores/db/altsyncram_7l71.tdf Line: 32
Warning (127007): Memory Initialization File or Hexadecimal (Intel-Format) File "C:/Users/gabri/Documents/GitHub/lab06-2022-1-grupo03-22-1-os_melhores/db/Lab06_VGA.ram0_buffer_ram_dp_3a653461.hdl.mif" contains "don't care" values -- overwriting them with 0s File: c:/intelfpga_lite/20.1/quartus/libraries/megafunctions/altsyncram.tdf Line: 792
Warning (127007): Memory Initialization File or Hexadecimal (Intel-Format) File "C:/Users/gabri/Documents/GitHub/lab06-2022-1-grupo03-22-1-os_melhores/db/Lab06_VGA.ram0_buffer_ram_dp_3a653461.hdl.mif" contains "don't care" values -- overwriting them with 0s File: c:/intelfpga_lite/20.1/quartus/libraries/megafunctions/altsyncram.tdf Line: 792
Warning (127007): Memory Initialization File or Hexadecimal (Intel-Format) File "C:/Users/gabri/Documents/GitHub/lab06-2022-1-grupo03-22-1-os_melhores/db/Lab06_VGA.ram0_buffer_ram_dp_3a653461.hdl.mif" contains "don't care" values -- overwriting them with 0s File: c:/intelfpga_lite/20.1/quartus/libraries/megafunctions/altsyncram.tdf Line: 792
Warning (127007): Memory Initialization File or Hexadecimal (Intel-Format) File "C:/Users/gabri/Documents/GitHub/lab06-2022-1-grupo03-22-1-os_melhores/db/Lab06_VGA.ram0_buffer_ram_dp_3a653461.hdl.mif" contains "don't care" values -- overwriting them with 0s File: c:/intelfpga_lite/20.1/quartus/libraries/megafunctions/altsyncram.tdf Line: 792
Info (12021): Found 1 design units, including 1 entities, in source file db/decode_f8a.tdf
    Info (12023): Found entity 1: decode_f8a File: C:/Users/gabri/Documents/GitHub/lab06-2022-1-grupo03-22-1-os_melhores/db/decode_f8a.tdf Line: 23
Info (12021): Found 1 design units, including 1 entities, in source file db/mux_1nb.tdf
    Info (12023): Found entity 1: mux_1nb File: C:/Users/gabri/Documents/GitHub/lab06-2022-1-grupo03-22-1-os_melhores/db/mux_1nb.tdf Line: 23
Warning (12241): 1 hierarchies have connectivity warnings - see the Connectivity Checks report folder
Info (286030): Timing-Driven Synthesis is running
Info (16010): Generating hard_block partition "hard_block:auto_generated_inst"
    Info (16011): Adding 0 node(s), including 0 DDIO, 0 PLL, 0 transceiver and 0 LCELL
Info (21057): Implemented 113 device resources after synthesis - the final resource count might be different
    Info (21058): Implemented 2 input pins
    Info (21059): Implemented 7 output pins
    Info (21061): Implemented 92 logic cells
    Info (21064): Implemented 12 RAM segments
Info: Quartus Prime Analysis & Synthesis was successful. 0 errors, 12 warnings
    Info: Peak virtual memory: 4752 megabytes
    Info: Processing ended: Wed Jun 29 12:46:31 2022
    Info: Elapsed time: 00:00:19
    Info: Total CPU time (on all processors): 00:00:25


