Analysis & Synthesis report for l4
Tue Jun 07 20:52:37 2022
Quartus Prime Version 20.1.1 Build 720 11/11/2020 SJ Lite Edition


---------------------
; Table of Contents ;
---------------------
  1. Legal Notice
  2. Analysis & Synthesis Summary
  3. Analysis & Synthesis Settings
  4. Parallel Compilation
  5. Analysis & Synthesis Source Files Read
  6. Analysis & Synthesis Resource Usage Summary
  7. Analysis & Synthesis Resource Utilization by Entity
  8. User-Specified and Inferred Latches
  9. Registers Removed During Synthesis
 10. General Register Statistics
 11. Inverted Register Statistics
 12. Multiplexer Restructuring Statistics (Restructuring Performed)
 13. Parameter Settings for User Entity Instance: BancoRegistro:br
 14. Port Connectivity Checks: "BancoRegistro:br"
 15. Port Connectivity Checks: "counter_clk:comb_4"
 16. Post-Synthesis Netlist Statistics for Top Partition
 17. Elapsed Time Per Partition
 18. Analysis & Synthesis Messages



----------------
; Legal Notice ;
----------------
Copyright (C) 2020  Intel Corporation. All rights reserved.
Your use of Intel Corporation's design tools, logic functions 
and other software and tools, and any partner logic 
functions, and any output files from any of the foregoing 
(including device programming or simulation files), and any 
associated documentation or information are expressly subject 
to the terms and conditions of the Intel Program License 
Subscription Agreement, the Intel Quartus Prime License Agreement,
the Intel FPGA IP License Agreement, or other applicable license
agreement, including, without limitation, that your use is for
the sole purpose of programming logic devices manufactured by
Intel and sold by Intel or its authorized distributors.  Please
refer to the applicable agreement for further details, at
https://fpgasoftware.intel.com/eula.



+----------------------------------------------------------------------------------+
; Analysis & Synthesis Summary                                                     ;
+------------------------------------+---------------------------------------------+
; Analysis & Synthesis Status        ; Successful - Tue Jun 07 20:52:37 2022       ;
; Quartus Prime Version              ; 20.1.1 Build 720 11/11/2020 SJ Lite Edition ;
; Revision Name                      ; l4                                          ;
; Top-level Entity Name              ; display                                     ;
; Family                             ; Cyclone IV E                                ;
; Total logic elements               ; 111                                         ;
;     Total combinational functions  ; 110                                         ;
;     Dedicated logic registers      ; 32                                          ;
; Total registers                    ; 32                                          ;
; Total pins                         ; 25                                          ;
; Total virtual pins                 ; 0                                           ;
; Total memory bits                  ; 0                                           ;
; Embedded Multiplier 9-bit elements ; 0                                           ;
; Total PLLs                         ; 0                                           ;
+------------------------------------+---------------------------------------------+


+------------------------------------------------------------------------------------------------------------+
; Analysis & Synthesis Settings                                                                              ;
+------------------------------------------------------------------+--------------------+--------------------+
; Option                                                           ; Setting            ; Default Value      ;
+------------------------------------------------------------------+--------------------+--------------------+
; Device                                                           ; EP4CE6E22C8        ;                    ;
; Top-level entity name                                            ; display            ; l4                 ;
; Family name                                                      ; Cyclone IV E       ; Cyclone V          ;
; Use smart compilation                                            ; Off                ; Off                ;
; Enable parallel Assembler and Timing Analyzer during compilation ; On                 ; On                 ;
; Enable compact report table                                      ; Off                ; Off                ;
; Restructure Multiplexers                                         ; Auto               ; Auto               ;
; Create Debugging Nodes for IP Cores                              ; Off                ; Off                ;
; Preserve fewer node names                                        ; On                 ; On                 ;
; Intel FPGA IP Evaluation Mode                                    ; Enable             ; Enable             ;
; Verilog Version                                                  ; Verilog_2001       ; Verilog_2001       ;
; VHDL Version                                                     ; VHDL_1993          ; VHDL_1993          ;
; State Machine Processing                                         ; Auto               ; Auto               ;
; Safe State Machine                                               ; Off                ; Off                ;
; Extract Verilog State Machines                                   ; On                 ; On                 ;
; Extract VHDL State Machines                                      ; On                 ; On                 ;
; Ignore Verilog initial constructs                                ; Off                ; Off                ;
; Iteration limit for constant Verilog loops                       ; 5000               ; 5000               ;
; Iteration limit for non-constant Verilog loops                   ; 250                ; 250                ;
; Add Pass-Through Logic to Inferred RAMs                          ; On                 ; On                 ;
; Infer RAMs from Raw Logic                                        ; On                 ; On                 ;
; Parallel Synthesis                                               ; On                 ; On                 ;
; DSP Block Balancing                                              ; Auto               ; Auto               ;
; NOT Gate Push-Back                                               ; On                 ; On                 ;
; Power-Up Don't Care                                              ; On                 ; On                 ;
; Remove Redundant Logic Cells                                     ; Off                ; Off                ;
; Remove Duplicate Registers                                       ; On                 ; On                 ;
; Ignore CARRY Buffers                                             ; Off                ; Off                ;
; Ignore CASCADE Buffers                                           ; Off                ; Off                ;
; Ignore GLOBAL Buffers                                            ; Off                ; Off                ;
; Ignore ROW GLOBAL Buffers                                        ; Off                ; Off                ;
; Ignore LCELL Buffers                                             ; Off                ; Off                ;
; Ignore SOFT Buffers                                              ; On                 ; On                 ;
; Limit AHDL Integers to 32 Bits                                   ; Off                ; Off                ;
; Optimization Technique                                           ; Balanced           ; Balanced           ;
; Carry Chain Length                                               ; 70                 ; 70                 ;
; Auto Carry Chains                                                ; On                 ; On                 ;
; Auto Open-Drain Pins                                             ; On                 ; On                 ;
; Perform WYSIWYG Primitive Resynthesis                            ; Off                ; Off                ;
; Auto ROM Replacement                                             ; On                 ; On                 ;
; Auto RAM Replacement                                             ; On                 ; On                 ;
; Auto DSP Block Replacement                                       ; On                 ; On                 ;
; Auto Shift Register Replacement                                  ; Auto               ; Auto               ;
; Allow Shift Register Merging across Hierarchies                  ; Auto               ; Auto               ;
; Auto Clock Enable Replacement                                    ; On                 ; On                 ;
; Strict RAM Replacement                                           ; Off                ; Off                ;
; Allow Synchronous Control Signals                                ; On                 ; On                 ;
; Force Use of Synchronous Clear Signals                           ; Off                ; Off                ;
; Auto RAM Block Balancing                                         ; On                 ; On                 ;
; Auto RAM to Logic Cell Conversion                                ; Off                ; Off                ;
; Auto Resource Sharing                                            ; Off                ; Off                ;
; Allow Any RAM Size For Recognition                               ; Off                ; Off                ;
; Allow Any ROM Size For Recognition                               ; Off                ; Off                ;
; Allow Any Shift Register Size For Recognition                    ; Off                ; Off                ;
; Use LogicLock Constraints during Resource Balancing              ; On                 ; On                 ;
; Ignore translate_off and synthesis_off directives                ; Off                ; Off                ;
; Timing-Driven Synthesis                                          ; On                 ; On                 ;
; Report Parameter Settings                                        ; On                 ; On                 ;
; Report Source Assignments                                        ; On                 ; On                 ;
; Report Connectivity Checks                                       ; On                 ; On                 ;
; Ignore Maximum Fan-Out Assignments                               ; Off                ; Off                ;
; Synchronization Register Chain Length                            ; 2                  ; 2                  ;
; Power Optimization During Synthesis                              ; Normal compilation ; Normal compilation ;
; HDL message level                                                ; Level2             ; Level2             ;
; Suppress Register Optimization Related Messages                  ; Off                ; Off                ;
; Number of Removed Registers Reported in Synthesis Report         ; 5000               ; 5000               ;
; Number of Swept Nodes Reported in Synthesis Report               ; 5000               ; 5000               ;
; Number of Inverted Registers Reported in Synthesis Report        ; 100                ; 100                ;
; Clock MUX Protection                                             ; On                 ; On                 ;
; Auto Gated Clock Conversion                                      ; Off                ; Off                ;
; Block Design Naming                                              ; Auto               ; Auto               ;
; SDC constraint protection                                        ; Off                ; Off                ;
; Synthesis Effort                                                 ; Auto               ; Auto               ;
; Shift Register Replacement - Allow Asynchronous Clear Signal     ; On                 ; On                 ;
; Pre-Mapping Resynthesis Optimization                             ; Off                ; Off                ;
; Analysis & Synthesis Message Level                               ; Medium             ; Medium             ;
; Disable Register Merging Across Hierarchies                      ; Auto               ; Auto               ;
; Resource Aware Inference For Block RAM                           ; On                 ; On                 ;
+------------------------------------------------------------------+--------------------+--------------------+


+------------------------------------------+
; Parallel Compilation                     ;
+----------------------------+-------------+
; Processors                 ; Number      ;
+----------------------------+-------------+
; Number detected on machine ; 4           ;
; Maximum allowed            ; 2           ;
;                            ;             ;
; Average used               ; 1.00        ;
; Maximum used               ; 2           ;
;                            ;             ;
; Usage by Processor         ; % Time Used ;
;     Processor 1            ; 100.0%      ;
;     Processor 2            ;   0.0%      ;
+----------------------------+-------------+


+------------------------------------------------------------------------------------------------------------------------------------------------------------------------------+
; Analysis & Synthesis Source Files Read                                                                                                                                       ;
+----------------------------------+-----------------+------------------------+--------------------------------------------------------------------------------------+---------+
; File Name with User-Entered Path ; Used in Netlist ; File Type              ; File Name with Absolute Path                                                         ; Library ;
+----------------------------------+-----------------+------------------------+--------------------------------------------------------------------------------------+---------+
; BancoRegistro.v                  ; yes             ; User Verilog HDL File  ; C:/Users/user/Documents/GitHub/lab04-2022-1-grupo03-22-1-os_melhores/BancoRegistro.v ;         ;
; dynamic_v.v                      ; yes             ; User Verilog HDL File  ; C:/Users/user/Documents/GitHub/lab04-2022-1-grupo03-22-1-os_melhores/dynamic_v.v     ;         ;
; counter_clk.v                    ; yes             ; User Verilog HDL File  ; C:/Users/user/Documents/GitHub/lab04-2022-1-grupo03-22-1-os_melhores/counter_clk.v   ;         ;
; BCDtoSSeg.v                      ; yes             ; User Verilog HDL File  ; C:/Users/user/Documents/GitHub/lab04-2022-1-grupo03-22-1-os_melhores/BCDtoSSeg.v     ;         ;
; display.v                        ; yes             ; User Verilog HDL File  ; C:/Users/user/Documents/GitHub/lab04-2022-1-grupo03-22-1-os_melhores/display.v       ;         ;
+----------------------------------+-----------------+------------------------+--------------------------------------------------------------------------------------+---------+


+---------------------------------------------------------+
; Analysis & Synthesis Resource Usage Summary             ;
+---------------------------------------------+-----------+
; Resource                                    ; Usage     ;
+---------------------------------------------+-----------+
; Estimated Total logic elements              ; 111       ;
;                                             ;           ;
; Total combinational functions               ; 110       ;
; Logic element usage by number of LUT inputs ;           ;
;     -- 4 input functions                    ; 79        ;
;     -- 3 input functions                    ; 12        ;
;     -- <=2 input functions                  ; 19        ;
;                                             ;           ;
; Logic elements by mode                      ;           ;
;     -- normal mode                          ; 94        ;
;     -- arithmetic mode                      ; 16        ;
;                                             ;           ;
; Total registers                             ; 32        ;
;     -- Dedicated logic registers            ; 32        ;
;     -- I/O registers                        ; 0         ;
;                                             ;           ;
; I/O pins                                    ; 25        ;
;                                             ;           ;
; Embedded Multiplier 9-bit elements          ; 0         ;
;                                             ;           ;
; Maximum fan-out node                        ; rst~input ;
; Maximum fan-out                             ; 56        ;
; Total fan-out                               ; 509       ;
; Average fan-out                             ; 2.65      ;
+---------------------------------------------+-----------+


+--------------------------------------------------------------------------------------------------------------------------------------------------------------------------------------------------------------------+
; Analysis & Synthesis Resource Utilization by Entity                                                                                                                                                                ;
+----------------------------+---------------------+---------------------------+-------------+--------------+---------+-----------+------+--------------+-----------------------------+---------------+--------------+
; Compilation Hierarchy Node ; Combinational ALUTs ; Dedicated Logic Registers ; Memory Bits ; DSP Elements ; DSP 9x9 ; DSP 18x18 ; Pins ; Virtual Pins ; Full Hierarchy Name         ; Entity Name   ; Library Name ;
+----------------------------+---------------------+---------------------------+-------------+--------------+---------+-----------+------+--------------+-----------------------------+---------------+--------------+
; |display                   ; 110 (0)             ; 32 (0)                    ; 0           ; 0            ; 0       ; 0         ; 25   ; 0            ; |display                    ; display       ; work         ;
;    |BCDtoSSeg:bcdsseg|     ; 7 (7)               ; 0 (0)                     ; 0           ; 0            ; 0       ; 0         ; 0    ; 0            ; |display|BCDtoSSeg:bcdsseg  ; BCDtoSSeg     ; work         ;
;    |BancoRegistro:br|      ; 80 (80)             ; 8 (8)                     ; 0           ; 0            ; 0       ; 0         ; 0    ; 0            ; |display|BancoRegistro:br   ; BancoRegistro ; work         ;
;    |counter_clk:comb_4|    ; 17 (17)             ; 17 (17)                   ; 0           ; 0            ; 0       ; 0         ; 0    ; 0            ; |display|counter_clk:comb_4 ; counter_clk   ; work         ;
;    |dynamic_v:dv|          ; 6 (6)               ; 7 (7)                     ; 0           ; 0            ; 0       ; 0         ; 0    ; 0            ; |display|dynamic_v:dv       ; dynamic_v     ; work         ;
+----------------------------+---------------------+---------------------------+-------------+--------------+---------+-----------+------+--------------+-----------------------------+---------------+--------------+
Note: For table entries with two numbers listed, the numbers in parentheses indicate the number of resources of the given type used by the specific entity alone. The numbers listed outside of parentheses indicate the total resources of the given type used by the specific entity and all of its sub-entities in the hierarchy.


+----------------------------------------------------------------------------------------------------------+
; User-Specified and Inferred Latches                                                                      ;
+-----------------------------------------------------+---------------------------+------------------------+
; Latch Name                                          ; Latch Enable Signal       ; Free of Timing Hazards ;
+-----------------------------------------------------+---------------------------+------------------------+
; BancoRegistro:br|breg[2][0]                         ; BancoRegistro:br|Decoder0 ; yes                    ;
; BancoRegistro:br|breg[1][0]                         ; BancoRegistro:br|Decoder0 ; yes                    ;
; BancoRegistro:br|breg[0][0]                         ; BancoRegistro:br|Decoder0 ; yes                    ;
; BancoRegistro:br|breg[3][0]                         ; BancoRegistro:br|Decoder0 ; yes                    ;
; BancoRegistro:br|breg[5][0]                         ; BancoRegistro:br|Decoder0 ; yes                    ;
; BancoRegistro:br|breg[6][0]                         ; BancoRegistro:br|Decoder0 ; yes                    ;
; BancoRegistro:br|breg[4][0]                         ; BancoRegistro:br|Decoder0 ; yes                    ;
; BancoRegistro:br|breg[7][0]                         ; BancoRegistro:br|Decoder0 ; yes                    ;
; BancoRegistro:br|breg[2][1]                         ; BancoRegistro:br|Decoder0 ; yes                    ;
; BancoRegistro:br|breg[1][1]                         ; BancoRegistro:br|Decoder0 ; yes                    ;
; BancoRegistro:br|breg[0][1]                         ; BancoRegistro:br|Decoder0 ; yes                    ;
; BancoRegistro:br|breg[3][1]                         ; BancoRegistro:br|Decoder0 ; yes                    ;
; BancoRegistro:br|breg[5][1]                         ; BancoRegistro:br|Decoder0 ; yes                    ;
; BancoRegistro:br|breg[6][1]                         ; BancoRegistro:br|Decoder0 ; yes                    ;
; BancoRegistro:br|breg[4][1]                         ; BancoRegistro:br|Decoder0 ; yes                    ;
; BancoRegistro:br|breg[7][1]                         ; BancoRegistro:br|Decoder0 ; yes                    ;
; BancoRegistro:br|breg[2][2]                         ; BancoRegistro:br|Decoder0 ; yes                    ;
; BancoRegistro:br|breg[1][2]                         ; BancoRegistro:br|Decoder0 ; yes                    ;
; BancoRegistro:br|breg[0][2]                         ; BancoRegistro:br|Decoder0 ; yes                    ;
; BancoRegistro:br|breg[3][2]                         ; BancoRegistro:br|Decoder0 ; yes                    ;
; BancoRegistro:br|breg[5][2]                         ; BancoRegistro:br|Decoder0 ; yes                    ;
; BancoRegistro:br|breg[6][2]                         ; BancoRegistro:br|Decoder0 ; yes                    ;
; BancoRegistro:br|breg[4][2]                         ; BancoRegistro:br|Decoder0 ; yes                    ;
; BancoRegistro:br|breg[7][2]                         ; BancoRegistro:br|Decoder0 ; yes                    ;
; BancoRegistro:br|breg[2][3]                         ; BancoRegistro:br|Decoder0 ; yes                    ;
; BancoRegistro:br|breg[1][3]                         ; BancoRegistro:br|Decoder0 ; yes                    ;
; BancoRegistro:br|breg[0][3]                         ; BancoRegistro:br|Decoder0 ; yes                    ;
; BancoRegistro:br|breg[3][3]                         ; BancoRegistro:br|Decoder0 ; yes                    ;
; BancoRegistro:br|breg[5][3]                         ; BancoRegistro:br|Decoder0 ; yes                    ;
; BancoRegistro:br|breg[6][3]                         ; BancoRegistro:br|Decoder0 ; yes                    ;
; BancoRegistro:br|breg[4][3]                         ; BancoRegistro:br|Decoder0 ; yes                    ;
; BancoRegistro:br|breg[7][3]                         ; BancoRegistro:br|Decoder0 ; yes                    ;
; Number of user-specified and inferred latches = 32  ;                           ;                        ;
+-----------------------------------------------------+---------------------------+------------------------+
Note: All latches listed above may not be present at the end of synthesis due to various synthesis optimizations.


+-------------------------------------------------------------+
; Registers Removed During Synthesis                          ;
+----------------------------------------+--------------------+
; Register name                          ; Reason for Removal ;
+----------------------------------------+--------------------+
; counter_clk:comb_4|cfreq[17..26]       ; Lost fanout        ;
; Total Number of Removed Registers = 10 ;                    ;
+----------------------------------------+--------------------+


+------------------------------------------------------+
; General Register Statistics                          ;
+----------------------------------------------+-------+
; Statistic                                    ; Value ;
+----------------------------------------------+-------+
; Total registers                              ; 32    ;
; Number of registers using Synchronous Clear  ; 17    ;
; Number of registers using Synchronous Load   ; 0     ;
; Number of registers using Asynchronous Clear ; 3     ;
; Number of registers using Asynchronous Load  ; 0     ;
; Number of registers using Clock Enable       ; 4     ;
; Number of registers using Preset             ; 0     ;
+----------------------------------------------+-------+


+--------------------------------------------------+
; Inverted Register Statistics                     ;
+----------------------------------------+---------+
; Inverted Register                      ; Fan out ;
+----------------------------------------+---------+
; dynamic_v:dv|an[0]                     ; 1       ;
; dynamic_v:dv|an[1]                     ; 1       ;
; Total number of inverted registers = 2 ;         ;
+----------------------------------------+---------+


+-----------------------------------------------------------------------------------------------------------------------------------------------------+
; Multiplexer Restructuring Statistics (Restructuring Performed)                                                                                      ;
+--------------------+-----------+---------------+----------------------+------------------------+------------+---------------------------------------+
; Multiplexer Inputs ; Bus Width ; Baseline Area ; Area if Restructured ; Saving if Restructured ; Registered ; Example Multiplexer Output            ;
+--------------------+-----------+---------------+----------------------+------------------------+------------+---------------------------------------+
; 8:1                ; 4 bits    ; 20 LEs        ; 20 LEs               ; 0 LEs                  ; Yes        ; |display|BancoRegistro:br|datOutRa[3] ;
; 8:1                ; 4 bits    ; 20 LEs        ; 20 LEs               ; 0 LEs                  ; Yes        ; |display|BancoRegistro:br|datOutRb[3] ;
+--------------------+-----------+---------------+----------------------+------------------------+------------+---------------------------------------+


+---------------------------------------------------------------+
; Parameter Settings for User Entity Instance: BancoRegistro:br ;
+----------------+-------+--------------------------------------+
; Parameter Name ; Value ; Type                                 ;
+----------------+-------+--------------------------------------+
; BIT_ADDR       ; 3     ; Signed Integer                       ;
; BIT_DATO       ; 4     ; Signed Integer                       ;
+----------------+-------+--------------------------------------+
Note: In order to hide this table in the UI and the text report file, please set the "Show Parameter Settings in Synthesis Report" option in "Analysis and Synthesis Settings -> More Settings" to "Off".


+--------------------------------------------------------------------------------------------------------------------------------------------------------------------------+
; Port Connectivity Checks: "BancoRegistro:br"                                                                                                                             ;
+-------+-------+----------+-----------------------------------------------------------------------------------------------------------------------------------------------+
; Port  ; Type  ; Severity ; Details                                                                                                                                       ;
+-------+-------+----------+-----------------------------------------------------------------------------------------------------------------------------------------------+
; addrW ; Input ; Warning  ; Input port expression (3 bits) is smaller than the input port (4 bits) it drives.  Extra input bit(s) "addrW[3..3]" will be connected to GND. ;
+-------+-------+----------+-----------------------------------------------------------------------------------------------------------------------------------------------+


+-------------------------------------------------------------------------------------------------------------------------+
; Port Connectivity Checks: "counter_clk:comb_4"                                                                          ;
+---------------+--------+----------+-------------------------------------------------------------------------------------+
; Port          ; Type   ; Severity ; Details                                                                             ;
+---------------+--------+----------+-------------------------------------------------------------------------------------+
; cfreq[26..17] ; Output ; Info     ; Connected to dangling logic. Logic that only feeds a dangling port will be removed. ;
; cfreq[15..0]  ; Output ; Info     ; Connected to dangling logic. Logic that only feeds a dangling port will be removed. ;
+---------------+--------+----------+-------------------------------------------------------------------------------------+


+-----------------------------------------------------+
; Post-Synthesis Netlist Statistics for Top Partition ;
+-----------------------+-----------------------------+
; Type                  ; Count                       ;
+-----------------------+-----------------------------+
; boundary_port         ; 25                          ;
; cycloneiii_ff         ; 32                          ;
;     CLR               ; 3                           ;
;     ENA               ; 4                           ;
;     SCLR              ; 17                          ;
;     plain             ; 8                           ;
; cycloneiii_lcell_comb ; 113                         ;
;     arith             ; 16                          ;
;         2 data inputs ; 16                          ;
;     normal            ; 97                          ;
;         1 data inputs ; 6                           ;
;         3 data inputs ; 12                          ;
;         4 data inputs ; 79                          ;
;                       ;                             ;
; Max LUT depth         ; 3.00                        ;
; Average LUT depth     ; 2.14                        ;
+-----------------------+-----------------------------+


+-------------------------------+
; Elapsed Time Per Partition    ;
+----------------+--------------+
; Partition Name ; Elapsed Time ;
+----------------+--------------+
; Top            ; 00:00:01     ;
+----------------+--------------+


+-------------------------------+
; Analysis & Synthesis Messages ;
+-------------------------------+
Info: *******************************************************************
Info: Running Quartus Prime Analysis & Synthesis
    Info: Version 20.1.1 Build 720 11/11/2020 SJ Lite Edition
    Info: Processing started: Tue Jun 07 20:52:20 2022
Info: Command: quartus_map --read_settings_files=on --write_settings_files=off l4 -c l4
Warning (18236): Number of processors has not been specified which may cause overloading on shared machines.  Set the global assignment NUM_PARALLEL_PROCESSORS in your QSF to an appropriate value for best performance.
Info (20030): Parallel compilation is enabled and will use 2 of the 2 processors detected
Info (12021): Found 1 design units, including 1 entities, in source file bancoregistro.v
    Info (12023): Found entity 1: BancoRegistro File: C:/Users/user/Documents/GitHub/lab04-2022-1-grupo03-22-1-os_melhores/BancoRegistro.v Line: 3
Info (12021): Found 1 design units, including 1 entities, in source file dynamic_v.v
    Info (12023): Found entity 1: dynamic_v File: C:/Users/user/Documents/GitHub/lab04-2022-1-grupo03-22-1-os_melhores/dynamic_v.v Line: 1
Info (12021): Found 1 design units, including 1 entities, in source file counter_clk.v
    Info (12023): Found entity 1: counter_clk File: C:/Users/user/Documents/GitHub/lab04-2022-1-grupo03-22-1-os_melhores/counter_clk.v Line: 2
Info (12021): Found 1 design units, including 1 entities, in source file bcdtosseg.v
    Info (12023): Found entity 1: BCDtoSSeg File: C:/Users/user/Documents/GitHub/lab04-2022-1-grupo03-22-1-os_melhores/BCDtoSSeg.v Line: 1
Info (12021): Found 1 design units, including 1 entities, in source file display.v
    Info (12023): Found entity 1: display File: C:/Users/user/Documents/GitHub/lab04-2022-1-grupo03-22-1-os_melhores/display.v Line: 2
Critical Warning (10846): Verilog HDL Instantiation warning at display.v(23): instance has no name File: C:/Users/user/Documents/GitHub/lab04-2022-1-grupo03-22-1-os_melhores/display.v Line: 23
Info (12127): Elaborating entity "display" for the top level hierarchy
Info (12128): Elaborating entity "BCDtoSSeg" for hierarchy "BCDtoSSeg:bcdsseg" File: C:/Users/user/Documents/GitHub/lab04-2022-1-grupo03-22-1-os_melhores/display.v Line: 18
Info (12128): Elaborating entity "counter_clk" for hierarchy "counter_clk:comb_4" File: C:/Users/user/Documents/GitHub/lab04-2022-1-grupo03-22-1-os_melhores/display.v Line: 23
Warning (10230): Verilog HDL assignment warning at counter_clk.v(8): truncated value with size 32 to match size of target (27) File: C:/Users/user/Documents/GitHub/lab04-2022-1-grupo03-22-1-os_melhores/counter_clk.v Line: 8
Info (12128): Elaborating entity "dynamic_v" for hierarchy "dynamic_v:dv" File: C:/Users/user/Documents/GitHub/lab04-2022-1-grupo03-22-1-os_melhores/display.v Line: 28
Warning (10230): Verilog HDL assignment warning at dynamic_v.v(11): truncated value with size 32 to match size of target (1) File: C:/Users/user/Documents/GitHub/lab04-2022-1-grupo03-22-1-os_melhores/dynamic_v.v Line: 11
Info (12128): Elaborating entity "BancoRegistro" for hierarchy "BancoRegistro:br" File: C:/Users/user/Documents/GitHub/lab04-2022-1-grupo03-22-1-os_melhores/display.v Line: 32
Warning (10230): Verilog HDL assignment warning at BancoRegistro.v(47): truncated value with size 32 to match size of target (4) File: C:/Users/user/Documents/GitHub/lab04-2022-1-grupo03-22-1-os_melhores/BancoRegistro.v Line: 47
Warning (10240): Verilog HDL Always Construct warning at BancoRegistro.v(38): inferring latch(es) for variable "i", which holds its previous value in one or more paths through the always construct File: C:/Users/user/Documents/GitHub/lab04-2022-1-grupo03-22-1-os_melhores/BancoRegistro.v Line: 38
Info (10041): Inferred latch for "breg[0][0]" at BancoRegistro.v(38) File: C:/Users/user/Documents/GitHub/lab04-2022-1-grupo03-22-1-os_melhores/BancoRegistro.v Line: 38
Info (10041): Inferred latch for "breg[0][1]" at BancoRegistro.v(38) File: C:/Users/user/Documents/GitHub/lab04-2022-1-grupo03-22-1-os_melhores/BancoRegistro.v Line: 38
Info (10041): Inferred latch for "breg[0][2]" at BancoRegistro.v(38) File: C:/Users/user/Documents/GitHub/lab04-2022-1-grupo03-22-1-os_melhores/BancoRegistro.v Line: 38
Info (10041): Inferred latch for "breg[0][3]" at BancoRegistro.v(38) File: C:/Users/user/Documents/GitHub/lab04-2022-1-grupo03-22-1-os_melhores/BancoRegistro.v Line: 38
Info (10041): Inferred latch for "breg[1][0]" at BancoRegistro.v(38) File: C:/Users/user/Documents/GitHub/lab04-2022-1-grupo03-22-1-os_melhores/BancoRegistro.v Line: 38
Info (10041): Inferred latch for "breg[1][1]" at BancoRegistro.v(38) File: C:/Users/user/Documents/GitHub/lab04-2022-1-grupo03-22-1-os_melhores/BancoRegistro.v Line: 38
Info (10041): Inferred latch for "breg[1][2]" at BancoRegistro.v(38) File: C:/Users/user/Documents/GitHub/lab04-2022-1-grupo03-22-1-os_melhores/BancoRegistro.v Line: 38
Info (10041): Inferred latch for "breg[1][3]" at BancoRegistro.v(38) File: C:/Users/user/Documents/GitHub/lab04-2022-1-grupo03-22-1-os_melhores/BancoRegistro.v Line: 38
Info (10041): Inferred latch for "breg[2][0]" at BancoRegistro.v(38) File: C:/Users/user/Documents/GitHub/lab04-2022-1-grupo03-22-1-os_melhores/BancoRegistro.v Line: 38
Info (10041): Inferred latch for "breg[2][1]" at BancoRegistro.v(38) File: C:/Users/user/Documents/GitHub/lab04-2022-1-grupo03-22-1-os_melhores/BancoRegistro.v Line: 38
Info (10041): Inferred latch for "breg[2][2]" at BancoRegistro.v(38) File: C:/Users/user/Documents/GitHub/lab04-2022-1-grupo03-22-1-os_melhores/BancoRegistro.v Line: 38
Info (10041): Inferred latch for "breg[2][3]" at BancoRegistro.v(38) File: C:/Users/user/Documents/GitHub/lab04-2022-1-grupo03-22-1-os_melhores/BancoRegistro.v Line: 38
Info (10041): Inferred latch for "breg[3][0]" at BancoRegistro.v(38) File: C:/Users/user/Documents/GitHub/lab04-2022-1-grupo03-22-1-os_melhores/BancoRegistro.v Line: 38
Info (10041): Inferred latch for "breg[3][1]" at BancoRegistro.v(38) File: C:/Users/user/Documents/GitHub/lab04-2022-1-grupo03-22-1-os_melhores/BancoRegistro.v Line: 38
Info (10041): Inferred latch for "breg[3][2]" at BancoRegistro.v(38) File: C:/Users/user/Documents/GitHub/lab04-2022-1-grupo03-22-1-os_melhores/BancoRegistro.v Line: 38
Info (10041): Inferred latch for "breg[3][3]" at BancoRegistro.v(38) File: C:/Users/user/Documents/GitHub/lab04-2022-1-grupo03-22-1-os_melhores/BancoRegistro.v Line: 38
Info (10041): Inferred latch for "breg[4][0]" at BancoRegistro.v(38) File: C:/Users/user/Documents/GitHub/lab04-2022-1-grupo03-22-1-os_melhores/BancoRegistro.v Line: 38
Info (10041): Inferred latch for "breg[4][1]" at BancoRegistro.v(38) File: C:/Users/user/Documents/GitHub/lab04-2022-1-grupo03-22-1-os_melhores/BancoRegistro.v Line: 38
Info (10041): Inferred latch for "breg[4][2]" at BancoRegistro.v(38) File: C:/Users/user/Documents/GitHub/lab04-2022-1-grupo03-22-1-os_melhores/BancoRegistro.v Line: 38
Info (10041): Inferred latch for "breg[4][3]" at BancoRegistro.v(38) File: C:/Users/user/Documents/GitHub/lab04-2022-1-grupo03-22-1-os_melhores/BancoRegistro.v Line: 38
Info (10041): Inferred latch for "breg[5][0]" at BancoRegistro.v(38) File: C:/Users/user/Documents/GitHub/lab04-2022-1-grupo03-22-1-os_melhores/BancoRegistro.v Line: 38
Info (10041): Inferred latch for "breg[5][1]" at BancoRegistro.v(38) File: C:/Users/user/Documents/GitHub/lab04-2022-1-grupo03-22-1-os_melhores/BancoRegistro.v Line: 38
Info (10041): Inferred latch for "breg[5][2]" at BancoRegistro.v(38) File: C:/Users/user/Documents/GitHub/lab04-2022-1-grupo03-22-1-os_melhores/BancoRegistro.v Line: 38
Info (10041): Inferred latch for "breg[5][3]" at BancoRegistro.v(38) File: C:/Users/user/Documents/GitHub/lab04-2022-1-grupo03-22-1-os_melhores/BancoRegistro.v Line: 38
Info (10041): Inferred latch for "breg[6][0]" at BancoRegistro.v(38) File: C:/Users/user/Documents/GitHub/lab04-2022-1-grupo03-22-1-os_melhores/BancoRegistro.v Line: 38
Info (10041): Inferred latch for "breg[6][1]" at BancoRegistro.v(38) File: C:/Users/user/Documents/GitHub/lab04-2022-1-grupo03-22-1-os_melhores/BancoRegistro.v Line: 38
Info (10041): Inferred latch for "breg[6][2]" at BancoRegistro.v(38) File: C:/Users/user/Documents/GitHub/lab04-2022-1-grupo03-22-1-os_melhores/BancoRegistro.v Line: 38
Info (10041): Inferred latch for "breg[6][3]" at BancoRegistro.v(38) File: C:/Users/user/Documents/GitHub/lab04-2022-1-grupo03-22-1-os_melhores/BancoRegistro.v Line: 38
Info (10041): Inferred latch for "breg[7][0]" at BancoRegistro.v(38) File: C:/Users/user/Documents/GitHub/lab04-2022-1-grupo03-22-1-os_melhores/BancoRegistro.v Line: 38
Info (10041): Inferred latch for "breg[7][1]" at BancoRegistro.v(38) File: C:/Users/user/Documents/GitHub/lab04-2022-1-grupo03-22-1-os_melhores/BancoRegistro.v Line: 38
Info (10041): Inferred latch for "breg[7][2]" at BancoRegistro.v(38) File: C:/Users/user/Documents/GitHub/lab04-2022-1-grupo03-22-1-os_melhores/BancoRegistro.v Line: 38
Info (10041): Inferred latch for "breg[7][3]" at BancoRegistro.v(38) File: C:/Users/user/Documents/GitHub/lab04-2022-1-grupo03-22-1-os_melhores/BancoRegistro.v Line: 38
Warning (12241): 1 hierarchies have connectivity warnings - see the Connectivity Checks report folder
Info (13000): Registers with preset signals will power-up high File: C:/Users/user/Documents/GitHub/lab04-2022-1-grupo03-22-1-os_melhores/dynamic_v.v Line: 11
Info (13003): DEV_CLRn pin will set, and not reset, register with preset signal due to NOT Gate Push-Back
Info (286030): Timing-Driven Synthesis is running
Info (17049): 10 registers lost all their fanouts during netlist optimizations.
Info (16010): Generating hard_block partition "hard_block:auto_generated_inst"
    Info (16011): Adding 0 node(s), including 0 DDIO, 0 PLL, 0 transceiver and 0 LCELL
Info (21057): Implemented 136 device resources after synthesis - the final resource count might be different
    Info (21058): Implemented 16 input pins
    Info (21059): Implemented 9 output pins
    Info (21061): Implemented 111 logic cells
Info: Quartus Prime Analysis & Synthesis was successful. 0 errors, 7 warnings
    Info: Peak virtual memory: 4736 megabytes
    Info: Processing ended: Tue Jun 07 20:52:37 2022
    Info: Elapsed time: 00:00:17
    Info: Total CPU time (on all processors): 00:00:31


