Analysis & Synthesis report for BCDtoSSeg
<<<<<<< HEAD
Thu Jun 16 08:54:35 2022
=======
Sat May 21 00:55:12 2022
>>>>>>> c50d3fb96174643d6122ecbb4bebbab79d85f437
Quartus Prime Version 20.1.1 Build 720 11/11/2020 SJ Lite Edition


---------------------
; Table of Contents ;
---------------------
  1. Legal Notice
  2. Analysis & Synthesis Summary
  3. Analysis & Synthesis Settings
  4. Parallel Compilation
  5. Analysis & Synthesis Source Files Read
  6. Analysis & Synthesis Resource Usage Summary
  7. Analysis & Synthesis Resource Utilization by Entity
  8. Registers Removed During Synthesis
  9. General Register Statistics
 10. Inverted Register Statistics
 11. Multiplexer Restructuring Statistics (Restructuring Performed)
 12. Port Connectivity Checks: "counter_clk:cl"
 13. Post-Synthesis Netlist Statistics for Top Partition
 14. Elapsed Time Per Partition
 15. Analysis & Synthesis Messages



----------------
; Legal Notice ;
----------------
Copyright (C) 2020  Intel Corporation. All rights reserved.
Your use of Intel Corporation's design tools, logic functions 
and other software and tools, and any partner logic 
functions, and any output files from any of the foregoing 
(including device programming or simulation files), and any 
associated documentation or information are expressly subject 
to the terms and conditions of the Intel Program License 
Subscription Agreement, the Intel Quartus Prime License Agreement,
the Intel FPGA IP License Agreement, or other applicable license
agreement, including, without limitation, that your use is for
the sole purpose of programming logic devices manufactured by
Intel and sold by Intel or its authorized distributors.  Please
refer to the applicable agreement for further details, at
https://fpgasoftware.intel.com/eula.



+----------------------------------------------------------------------------------+
; Analysis & Synthesis Summary                                                     ;
+------------------------------------+---------------------------------------------+
<<<<<<< HEAD
; Analysis & Synthesis Status        ; Successful - Thu Jun 16 08:54:35 2022       ;
=======
; Analysis & Synthesis Status        ; Successful - Sat May 21 00:55:12 2022       ;
>>>>>>> c50d3fb96174643d6122ecbb4bebbab79d85f437
; Quartus Prime Version              ; 20.1.1 Build 720 11/11/2020 SJ Lite Edition ;
; Revision Name                      ; BCDtoSSeg                                   ;
; Top-level Entity Name              ; display                                     ;
; Family                             ; Cyclone IV E                                ;
; Total logic elements               ; 34                                          ;
;     Total combinational functions  ; 34                                          ;
;     Dedicated logic registers      ; 27                                          ;
; Total registers                    ; 27                                          ;
; Total pins                         ; 29                                          ;
; Total virtual pins                 ; 0                                           ;
; Total memory bits                  ; 0                                           ;
; Embedded Multiplier 9-bit elements ; 0                                           ;
; Total PLLs                         ; 0                                           ;
+------------------------------------+---------------------------------------------+


+------------------------------------------------------------------------------------------------------------+
; Analysis & Synthesis Settings                                                                              ;
+------------------------------------------------------------------+--------------------+--------------------+
; Option                                                           ; Setting            ; Default Value      ;
+------------------------------------------------------------------+--------------------+--------------------+
; Device                                                           ; EP4CE10E22C8       ;                    ;
; Top-level entity name                                            ; display            ; BCDtoSSeg          ;
; Family name                                                      ; Cyclone IV E       ; Cyclone V          ;
; Use smart compilation                                            ; Off                ; Off                ;
; Enable parallel Assembler and Timing Analyzer during compilation ; On                 ; On                 ;
; Enable compact report table                                      ; Off                ; Off                ;
; Restructure Multiplexers                                         ; Auto               ; Auto               ;
; Create Debugging Nodes for IP Cores                              ; Off                ; Off                ;
; Preserve fewer node names                                        ; On                 ; On                 ;
; Intel FPGA IP Evaluation Mode                                    ; Enable             ; Enable             ;
; Verilog Version                                                  ; Verilog_2001       ; Verilog_2001       ;
; VHDL Version                                                     ; VHDL_1993          ; VHDL_1993          ;
; State Machine Processing                                         ; Auto               ; Auto               ;
; Safe State Machine                                               ; Off                ; Off                ;
; Extract Verilog State Machines                                   ; On                 ; On                 ;
; Extract VHDL State Machines                                      ; On                 ; On                 ;
; Ignore Verilog initial constructs                                ; Off                ; Off                ;
; Iteration limit for constant Verilog loops                       ; 5000               ; 5000               ;
; Iteration limit for non-constant Verilog loops                   ; 250                ; 250                ;
; Add Pass-Through Logic to Inferred RAMs                          ; On                 ; On                 ;
; Infer RAMs from Raw Logic                                        ; On                 ; On                 ;
; Parallel Synthesis                                               ; On                 ; On                 ;
; DSP Block Balancing                                              ; Auto               ; Auto               ;
; NOT Gate Push-Back                                               ; On                 ; On                 ;
; Power-Up Don't Care                                              ; On                 ; On                 ;
; Remove Redundant Logic Cells                                     ; Off                ; Off                ;
; Remove Duplicate Registers                                       ; On                 ; On                 ;
; Ignore CARRY Buffers                                             ; Off                ; Off                ;
; Ignore CASCADE Buffers                                           ; Off                ; Off                ;
; Ignore GLOBAL Buffers                                            ; Off                ; Off                ;
; Ignore ROW GLOBAL Buffers                                        ; Off                ; Off                ;
; Ignore LCELL Buffers                                             ; Off                ; Off                ;
; Ignore SOFT Buffers                                              ; On                 ; On                 ;
; Limit AHDL Integers to 32 Bits                                   ; Off                ; Off                ;
; Optimization Technique                                           ; Balanced           ; Balanced           ;
; Carry Chain Length                                               ; 70                 ; 70                 ;
; Auto Carry Chains                                                ; On                 ; On                 ;
; Auto Open-Drain Pins                                             ; On                 ; On                 ;
; Perform WYSIWYG Primitive Resynthesis                            ; Off                ; Off                ;
; Auto ROM Replacement                                             ; On                 ; On                 ;
; Auto RAM Replacement                                             ; On                 ; On                 ;
; Auto DSP Block Replacement                                       ; On                 ; On                 ;
; Auto Shift Register Replacement                                  ; Auto               ; Auto               ;
; Allow Shift Register Merging across Hierarchies                  ; Auto               ; Auto               ;
; Auto Clock Enable Replacement                                    ; On                 ; On                 ;
; Strict RAM Replacement                                           ; Off                ; Off                ;
; Allow Synchronous Control Signals                                ; On                 ; On                 ;
; Force Use of Synchronous Clear Signals                           ; Off                ; Off                ;
; Auto RAM Block Balancing                                         ; On                 ; On                 ;
; Auto RAM to Logic Cell Conversion                                ; Off                ; Off                ;
; Auto Resource Sharing                                            ; Off                ; Off                ;
; Allow Any RAM Size For Recognition                               ; Off                ; Off                ;
; Allow Any ROM Size For Recognition                               ; Off                ; Off                ;
; Allow Any Shift Register Size For Recognition                    ; Off                ; Off                ;
; Use LogicLock Constraints during Resource Balancing              ; On                 ; On                 ;
; Ignore translate_off and synthesis_off directives                ; Off                ; Off                ;
; Timing-Driven Synthesis                                          ; On                 ; On                 ;
; Report Parameter Settings                                        ; On                 ; On                 ;
; Report Source Assignments                                        ; On                 ; On                 ;
; Report Connectivity Checks                                       ; On                 ; On                 ;
; Ignore Maximum Fan-Out Assignments                               ; Off                ; Off                ;
; Synchronization Register Chain Length                            ; 2                  ; 2                  ;
; Power Optimization During Synthesis                              ; Normal compilation ; Normal compilation ;
; HDL message level                                                ; Level2             ; Level2             ;
; Suppress Register Optimization Related Messages                  ; Off                ; Off                ;
; Number of Removed Registers Reported in Synthesis Report         ; 5000               ; 5000               ;
; Number of Swept Nodes Reported in Synthesis Report               ; 5000               ; 5000               ;
; Number of Inverted Registers Reported in Synthesis Report        ; 100                ; 100                ;
; Clock MUX Protection                                             ; On                 ; On                 ;
; Auto Gated Clock Conversion                                      ; Off                ; Off                ;
; Block Design Naming                                              ; Auto               ; Auto               ;
; SDC constraint protection                                        ; Off                ; Off                ;
; Synthesis Effort                                                 ; Auto               ; Auto               ;
; Shift Register Replacement - Allow Asynchronous Clear Signal     ; On                 ; On                 ;
; Pre-Mapping Resynthesis Optimization                             ; Off                ; Off                ;
; Analysis & Synthesis Message Level                               ; Medium             ; Medium             ;
; Disable Register Merging Across Hierarchies                      ; Auto               ; Auto               ;
; Resource Aware Inference For Block RAM                           ; On                 ; On                 ;
+------------------------------------------------------------------+--------------------+--------------------+


+------------------------------------------+
; Parallel Compilation                     ;
+----------------------------+-------------+
; Processors                 ; Number      ;
+----------------------------+-------------+
; Number detected on machine ; 4           ;
; Maximum allowed            ; 2           ;
;                            ;             ;
; Average used               ; 1.00        ;
; Maximum used               ; 2           ;
;                            ;             ;
; Usage by Processor         ; % Time Used ;
;     Processor 1            ; 100.0%      ;
;     Processor 2            ;   0.0%      ;
+----------------------------+-------------+


+----------------------------------------------------------------------------------------------------------------------------------------------------------------------------+
; Analysis & Synthesis Source Files Read                                                                                                                                     ;
+----------------------------------+-----------------+------------------------+------------------------------------------------------------------------------------+---------+
; File Name with User-Entered Path ; Used in Netlist ; File Type              ; File Name with Absolute Path                                                       ; Library ;
+----------------------------------+-----------------+------------------------+------------------------------------------------------------------------------------+---------+
; dynamic_v.v                      ; yes             ; User Verilog HDL File  ; C:/Users/user/Documents/GitHub/lab03-2022-1-grupo03-22-1-os_melhores/dynamic_v.v   ;         ;
; counter_clk.v                    ; yes             ; User Verilog HDL File  ; C:/Users/user/Documents/GitHub/lab03-2022-1-grupo03-22-1-os_melhores/counter_clk.v ;         ;
; display.v                        ; yes             ; User Verilog HDL File  ; C:/Users/user/Documents/GitHub/lab03-2022-1-grupo03-22-1-os_melhores/display.v     ;         ;
; BCDtoSSeg.v                      ; yes             ; User Verilog HDL File  ; C:/Users/user/Documents/GitHub/lab03-2022-1-grupo03-22-1-os_melhores/BCDtoSSeg.v   ;         ;
+----------------------------------+-----------------+------------------------+------------------------------------------------------------------------------------+---------+


+---------------------------------------------------------+
; Analysis & Synthesis Resource Usage Summary             ;
+---------------------------------------------+-----------+
; Resource                                    ; Usage     ;
+---------------------------------------------+-----------+
; Estimated Total logic elements              ; 34        ;
;                                             ;           ;
; Total combinational functions               ; 34        ;
; Logic element usage by number of LUT inputs ;           ;
;     -- 4 input functions                    ; 7         ;
;     -- 3 input functions                    ; 4         ;
;     -- <=2 input functions                  ; 23        ;
;                                             ;           ;
; Logic elements by mode                      ;           ;
;     -- normal mode                          ; 18        ;
;     -- arithmetic mode                      ; 16        ;
;                                             ;           ;
; Total registers                             ; 27        ;
;     -- Dedicated logic registers            ; 27        ;
;     -- I/O registers                        ; 0         ;
;                                             ;           ;
; I/O pins                                    ; 29        ;
;                                             ;           ;
; Embedded Multiplier 9-bit elements          ; 0         ;
;                                             ;           ;
; Maximum fan-out node                        ; rst~input ;
; Maximum fan-out                             ; 27        ;
; Total fan-out                               ; 205       ;
; Average fan-out                             ; 1.72      ;
+---------------------------------------------+-----------+


+-------------------------------------------------------------------------------------------------------------------------------------------------------------------------------------------------------------------+
; Analysis & Synthesis Resource Utilization by Entity                                                                                                                                                               ;
+----------------------------+---------------------+---------------------------+-------------+--------------+---------+-----------+------+--------------+------------------------------+-------------+--------------+
; Compilation Hierarchy Node ; Combinational ALUTs ; Dedicated Logic Registers ; Memory Bits ; DSP Elements ; DSP 9x9 ; DSP 18x18 ; Pins ; Virtual Pins ; Full Hierarchy Name          ; Entity Name ; Library Name ;
+----------------------------+---------------------+---------------------------+-------------+--------------+---------+-----------+------+--------------+------------------------------+-------------+--------------+
; |display                   ; 34 (0)              ; 27 (0)                    ; 0           ; 0            ; 0       ; 0         ; 29   ; 0            ; |display                     ; display     ; work         ;
;    |BCDtoSSeg:bcdtosseg|   ; 7 (7)               ; 0 (0)                     ; 0           ; 0            ; 0       ; 0         ; 0    ; 0            ; |display|BCDtoSSeg:bcdtosseg ; BCDtoSSeg   ; work         ;
;    |counter_clk:cl|        ; 17 (17)             ; 17 (17)                   ; 0           ; 0            ; 0       ; 0         ; 0    ; 0            ; |display|counter_clk:cl      ; counter_clk ; work         ;
;    |dynamic_v:dv|          ; 10 (10)             ; 10 (10)                   ; 0           ; 0            ; 0       ; 0         ; 0    ; 0            ; |display|dynamic_v:dv        ; dynamic_v   ; work         ;
+----------------------------+---------------------+---------------------------+-------------+--------------+---------+-----------+------+--------------+------------------------------+-------------+--------------+
Note: For table entries with two numbers listed, the numbers in parentheses indicate the number of resources of the given type used by the specific entity alone. The numbers listed outside of parentheses indicate the total resources of the given type used by the specific entity and all of its sub-entities in the hierarchy.


+-------------------------------------------------------------+
; Registers Removed During Synthesis                          ;
+----------------------------------------+--------------------+
; Register name                          ; Reason for Removal ;
+----------------------------------------+--------------------+
; counter_clk:cl|cfreq[17..26]           ; Lost fanout        ;
; Total Number of Removed Registers = 10 ;                    ;
+----------------------------------------+--------------------+


+------------------------------------------------------+
; General Register Statistics                          ;
+----------------------------------------------+-------+
; Statistic                                    ; Value ;
+----------------------------------------------+-------+
; Total registers                              ; 27    ;
; Number of registers using Synchronous Clear  ; 17    ;
; Number of registers using Synchronous Load   ; 0     ;
; Number of registers using Asynchronous Clear ; 6     ;
; Number of registers using Asynchronous Load  ; 0     ;
; Number of registers using Clock Enable       ; 4     ;
; Number of registers using Preset             ; 0     ;
+----------------------------------------------+-------+


+--------------------------------------------------+
; Inverted Register Statistics                     ;
+----------------------------------------+---------+
; Inverted Register                      ; Fan out ;
+----------------------------------------+---------+
; dynamic_v:dv|an[3]                     ; 1       ;
; dynamic_v:dv|an[2]                     ; 1       ;
; dynamic_v:dv|an[1]                     ; 1       ;
; dynamic_v:dv|an[0]                     ; 1       ;
; Total number of inverted registers = 4 ;         ;
+----------------------------------------+---------+


+--------------------------------------------------------------------------------------------------------------------------------------------+
; Multiplexer Restructuring Statistics (Restructuring Performed)                                                                             ;
+--------------------+-----------+---------------+----------------------+------------------------+------------+------------------------------+
; Multiplexer Inputs ; Bus Width ; Baseline Area ; Area if Restructured ; Saving if Restructured ; Registered ; Example Multiplexer Output   ;
+--------------------+-----------+---------------+----------------------+------------------------+------------+------------------------------+
; 4:1                ; 2 bits    ; 4 LEs         ; 4 LEs                ; 0 LEs                  ; Yes        ; |display|dynamic_v:dv|bcd[1] ;
+--------------------+-----------+---------------+----------------------+------------------------+------------+------------------------------+


+-------------------------------------------------------------------------------------------------------------------------+
; Port Connectivity Checks: "counter_clk:cl"                                                                              ;
+---------------+--------+----------+-------------------------------------------------------------------------------------+
; Port          ; Type   ; Severity ; Details                                                                             ;
+---------------+--------+----------+-------------------------------------------------------------------------------------+
; cfreq[26..17] ; Output ; Info     ; Connected to dangling logic. Logic that only feeds a dangling port will be removed. ;
; cfreq[15..0]  ; Output ; Info     ; Connected to dangling logic. Logic that only feeds a dangling port will be removed. ;
+---------------+--------+----------+-------------------------------------------------------------------------------------+


+-----------------------------------------------------+
; Post-Synthesis Netlist Statistics for Top Partition ;
+-----------------------+-----------------------------+
; Type                  ; Count                       ;
+-----------------------+-----------------------------+
; boundary_port         ; 29                          ;
; cycloneiii_ff         ; 27                          ;
;     CLR               ; 6                           ;
;     ENA               ; 4                           ;
;     SCLR              ; 17                          ;
; cycloneiii_lcell_comb ; 39                          ;
;     arith             ; 16                          ;
;         2 data inputs ; 16                          ;
;     normal            ; 23                          ;
;         1 data inputs ; 7                           ;
;         2 data inputs ; 5                           ;
;         3 data inputs ; 4                           ;
;         4 data inputs ; 7                           ;
;                       ;                             ;
; Max LUT depth         ; 2.60                        ;
; Average LUT depth     ; 1.65                        ;
+-----------------------+-----------------------------+


+-------------------------------+
; Elapsed Time Per Partition    ;
+----------------+--------------+
; Partition Name ; Elapsed Time ;
+----------------+--------------+
; Top            ; 00:00:00     ;
+----------------+--------------+


+-------------------------------+
; Analysis & Synthesis Messages ;
+-------------------------------+
Info: *******************************************************************
Info: Running Quartus Prime Analysis & Synthesis
    Info: Version 20.1.1 Build 720 11/11/2020 SJ Lite Edition
<<<<<<< HEAD
    Info: Processing started: Thu Jun 16 08:54:21 2022
=======
    Info: Processing started: Sat May 21 00:54:55 2022
>>>>>>> c50d3fb96174643d6122ecbb4bebbab79d85f437
Info: Command: quartus_map --read_settings_files=on --write_settings_files=off Lab03-BCDtoSSeg -c BCDtoSSeg
Warning (18236): Number of processors has not been specified which may cause overloading on shared machines.  Set the global assignment NUM_PARALLEL_PROCESSORS in your QSF to an appropriate value for best performance.
Info (20030): Parallel compilation is enabled and will use 2 of the 2 processors detected
Info (12021): Found 1 design units, including 1 entities, in source file dynamic_v.v
    Info (12023): Found entity 1: dynamic_v File: C:/Users/user/Documents/GitHub/lab03-2022-1-grupo03-22-1-os_melhores/dynamic_v.v Line: 1
Info (12021): Found 1 design units, including 1 entities, in source file counter_clk.v
    Info (12023): Found entity 1: counter_clk File: C:/Users/user/Documents/GitHub/lab03-2022-1-grupo03-22-1-os_melhores/counter_clk.v Line: 1
Info (12021): Found 1 design units, including 1 entities, in source file display.v
    Info (12023): Found entity 1: display File: C:/Users/user/Documents/GitHub/lab03-2022-1-grupo03-22-1-os_melhores/display.v Line: 2
Info (12021): Found 1 design units, including 1 entities, in source file bcdtosseg.v
    Info (12023): Found entity 1: BCDtoSSeg File: C:/Users/user/Documents/GitHub/lab03-2022-1-grupo03-22-1-os_melhores/BCDtoSSeg.v Line: 1
Info (12021): Found 1 design units, including 1 entities, in source file bcdtosseg_tb.v
    Info (12023): Found entity 1: BCDtoSSeg_TB File: C:/Users/user/Documents/GitHub/lab03-2022-1-grupo03-22-1-os_melhores/BCDtoSSeg_TB.v Line: 3
Info (12021): Found 1 design units, including 1 entities, in source file testbench.v
    Info (12023): Found entity 1: testbench File: C:/Users/user/Documents/GitHub/lab03-2022-1-grupo03-22-1-os_melhores/testbench.v Line: 1
Info (12021): Found 1 design units, including 1 entities, in source file bintodec.v
    Info (12023): Found entity 1: bintodec File: C:/Users/user/Documents/GitHub/lab03-2022-1-grupo03-22-1-os_melhores/bintodec.v Line: 1
Info (12127): Elaborating entity "display" for the top level hierarchy
Info (12128): Elaborating entity "BCDtoSSeg" for hierarchy "BCDtoSSeg:bcdtosseg" File: C:/Users/user/Documents/GitHub/lab03-2022-1-grupo03-22-1-os_melhores/display.v Line: 19
Info (12128): Elaborating entity "counter_clk" for hierarchy "counter_clk:cl" File: C:/Users/user/Documents/GitHub/lab03-2022-1-grupo03-22-1-os_melhores/display.v Line: 22
Warning (10230): Verilog HDL assignment warning at counter_clk.v(7): truncated value with size 32 to match size of target (27) File: C:/Users/user/Documents/GitHub/lab03-2022-1-grupo03-22-1-os_melhores/counter_clk.v Line: 7
Info (12128): Elaborating entity "dynamic_v" for hierarchy "dynamic_v:dv" File: C:/Users/user/Documents/GitHub/lab03-2022-1-grupo03-22-1-os_melhores/display.v Line: 26
Warning (10230): Verilog HDL assignment warning at dynamic_v.v(11): truncated value with size 32 to match size of target (2) File: C:/Users/user/Documents/GitHub/lab03-2022-1-grupo03-22-1-os_melhores/dynamic_v.v Line: 11
Info (13000): Registers with preset signals will power-up high File: C:/Users/user/Documents/GitHub/lab03-2022-1-grupo03-22-1-os_melhores/dynamic_v.v Line: 11
Info (13003): DEV_CLRn pin will set, and not reset, register with preset signal due to NOT Gate Push-Back
Info (286030): Timing-Driven Synthesis is running
Info (17049): 10 registers lost all their fanouts during netlist optimizations.
Info (16010): Generating hard_block partition "hard_block:auto_generated_inst"
    Info (16011): Adding 0 node(s), including 0 DDIO, 0 PLL, 0 transceiver and 0 LCELL
Warning (21074): Design contains 12 input pin(s) that do not drive logic
    Warning (15610): No output dependent on input pin "num[0]" File: C:/Users/gabri/Documents/GitHub/lab03-2022-1-grupo03-22-1-os_melhores/display.v Line: 3
    Warning (15610): No output dependent on input pin "num[1]" File: C:/Users/gabri/Documents/GitHub/lab03-2022-1-grupo03-22-1-os_melhores/display.v Line: 3
    Warning (15610): No output dependent on input pin "num[2]" File: C:/Users/gabri/Documents/GitHub/lab03-2022-1-grupo03-22-1-os_melhores/display.v Line: 3
    Warning (15610): No output dependent on input pin "num[3]" File: C:/Users/gabri/Documents/GitHub/lab03-2022-1-grupo03-22-1-os_melhores/display.v Line: 3
    Warning (15610): No output dependent on input pin "num[4]" File: C:/Users/gabri/Documents/GitHub/lab03-2022-1-grupo03-22-1-os_melhores/display.v Line: 3
    Warning (15610): No output dependent on input pin "num[5]" File: C:/Users/gabri/Documents/GitHub/lab03-2022-1-grupo03-22-1-os_melhores/display.v Line: 3
    Warning (15610): No output dependent on input pin "num[6]" File: C:/Users/gabri/Documents/GitHub/lab03-2022-1-grupo03-22-1-os_melhores/display.v Line: 3
    Warning (15610): No output dependent on input pin "num[7]" File: C:/Users/gabri/Documents/GitHub/lab03-2022-1-grupo03-22-1-os_melhores/display.v Line: 3
    Warning (15610): No output dependent on input pin "num[8]" File: C:/Users/gabri/Documents/GitHub/lab03-2022-1-grupo03-22-1-os_melhores/display.v Line: 3
    Warning (15610): No output dependent on input pin "num[9]" File: C:/Users/gabri/Documents/GitHub/lab03-2022-1-grupo03-22-1-os_melhores/display.v Line: 3
    Warning (15610): No output dependent on input pin "num[10]" File: C:/Users/gabri/Documents/GitHub/lab03-2022-1-grupo03-22-1-os_melhores/display.v Line: 3
    Warning (15610): No output dependent on input pin "num[11]" File: C:/Users/gabri/Documents/GitHub/lab03-2022-1-grupo03-22-1-os_melhores/display.v Line: 3
Info (21057): Implemented 63 device resources after synthesis - the final resource count might be different
    Info (21058): Implemented 18 input pins
    Info (21059): Implemented 11 output pins
<<<<<<< HEAD
    Info (21061): Implemented 38 logic cells
Info: Quartus Prime Analysis & Synthesis was successful. 0 errors, 3 warnings
    Info: Peak virtual memory: 4733 megabytes
    Info: Processing ended: Thu Jun 16 08:54:35 2022
    Info: Elapsed time: 00:00:14
    Info: Total CPU time (on all processors): 00:00:28
=======
    Info (21061): Implemented 34 logic cells
Info: Quartus Prime Analysis & Synthesis was successful. 0 errors, 16 warnings
    Info: Peak virtual memory: 4734 megabytes
    Info: Processing ended: Sat May 21 00:55:12 2022
    Info: Elapsed time: 00:00:17
    Info: Total CPU time (on all processors): 00:00:32
>>>>>>> c50d3fb96174643d6122ecbb4bebbab79d85f437


