Assembler report for BCDtoSSeg
<<<<<<< HEAD
Thu Jun 16 08:54:45 2022
=======
Sat May 21 00:55:21 2022
>>>>>>> c50d3fb96174643d6122ecbb4bebbab79d85f437
Quartus Prime Version 20.1.1 Build 720 11/11/2020 SJ Lite Edition


---------------------
; Table of Contents ;
---------------------
  1. Legal Notice
  2. Assembler Summary
  3. Assembler Settings
  4. Assembler Generated Files
  5. Assembler Device Options: C:/Users/user/Documents/GitHub/lab03-2022-1-grupo03-22-1-os_melhores/output_files/BCDtoSSeg.sof
  6. Assembler Messages



----------------
; Legal Notice ;
----------------
Copyright (C) 2020  Intel Corporation. All rights reserved.
Your use of Intel Corporation's design tools, logic functions 
and other software and tools, and any partner logic 
functions, and any output files from any of the foregoing 
(including device programming or simulation files), and any 
associated documentation or information are expressly subject 
to the terms and conditions of the Intel Program License 
Subscription Agreement, the Intel Quartus Prime License Agreement,
the Intel FPGA IP License Agreement, or other applicable license
agreement, including, without limitation, that your use is for
the sole purpose of programming logic devices manufactured by
Intel and sold by Intel or its authorized distributors.  Please
refer to the applicable agreement for further details, at
https://fpgasoftware.intel.com/eula.



+---------------------------------------------------------------+
; Assembler Summary                                             ;
+-----------------------+---------------------------------------+
<<<<<<< HEAD
; Assembler Status      ; Successful - Thu Jun 16 08:54:45 2022 ;
=======
; Assembler Status      ; Successful - Sat May 21 00:55:21 2022 ;
>>>>>>> c50d3fb96174643d6122ecbb4bebbab79d85f437
; Revision Name         ; BCDtoSSeg                             ;
; Top-level Entity Name ; display                               ;
; Family                ; Cyclone IV E                          ;
; Device                ; EP4CE10E22C8                          ;
+-----------------------+---------------------------------------+


+----------------------------------+
; Assembler Settings               ;
+--------+---------+---------------+
; Option ; Setting ; Default Value ;
+--------+---------+---------------+


+-------------------------------------------------------------------------------------------------+
; Assembler Generated Files                                                                       ;
+-------------------------------------------------------------------------------------------------+
; File Name                                                                                       ;
+-------------------------------------------------------------------------------------------------+
; C:/Users/user/Documents/GitHub/lab03-2022-1-grupo03-22-1-os_melhores/output_files/BCDtoSSeg.sof ;
+-------------------------------------------------------------------------------------------------+


<<<<<<< HEAD
+---------------------------------------------------------------------------------------------------------------------------+
; Assembler Device Options: C:/Users/user/Documents/GitHub/lab03-2022-1-grupo03-22-1-os_melhores/output_files/BCDtoSSeg.sof ;
+----------------+----------------------------------------------------------------------------------------------------------+
; Option         ; Setting                                                                                                  ;
+----------------+----------------------------------------------------------------------------------------------------------+
; JTAG usercode  ; 0x000996BC                                                                                               ;
; Checksum       ; 0x000996BC                                                                                               ;
+----------------+----------------------------------------------------------------------------------------------------------+
=======
+----------------------------------------------------------------------------------------------------------------------------+
; Assembler Device Options: C:/Users/gabri/Documents/GitHub/lab03-2022-1-grupo03-22-1-os_melhores/output_files/BCDtoSSeg.sof ;
+----------------+-----------------------------------------------------------------------------------------------------------+
; Option         ; Setting                                                                                                   ;
+----------------+-----------------------------------------------------------------------------------------------------------+
; JTAG usercode  ; 0x00097996                                                                                                ;
; Checksum       ; 0x00097996                                                                                                ;
+----------------+-----------------------------------------------------------------------------------------------------------+
>>>>>>> c50d3fb96174643d6122ecbb4bebbab79d85f437


+--------------------+
; Assembler Messages ;
+--------------------+
Info: *******************************************************************
Info: Running Quartus Prime Assembler
    Info: Version 20.1.1 Build 720 11/11/2020 SJ Lite Edition
<<<<<<< HEAD
    Info: Processing started: Thu Jun 16 08:54:43 2022
=======
    Info: Processing started: Sat May 21 00:55:20 2022
>>>>>>> c50d3fb96174643d6122ecbb4bebbab79d85f437
Info: Command: quartus_asm --read_settings_files=off --write_settings_files=off Lab03-BCDtoSSeg -c BCDtoSSeg
Warning (18236): Number of processors has not been specified which may cause overloading on shared machines.  Set the global assignment NUM_PARALLEL_PROCESSORS in your QSF to an appropriate value for best performance.
Info (115031): Writing out detailed assembly data for power analysis
Info (115030): Assembler is generating device programming files
Info: Quartus Prime Assembler was successful. 0 errors, 1 warning
<<<<<<< HEAD
    Info: Peak virtual memory: 4677 megabytes
    Info: Processing ended: Thu Jun 16 08:54:45 2022
    Info: Elapsed time: 00:00:02
=======
    Info: Peak virtual memory: 4676 megabytes
    Info: Processing ended: Sat May 21 00:55:21 2022
    Info: Elapsed time: 00:00:01
>>>>>>> c50d3fb96174643d6122ecbb4bebbab79d85f437
    Info: Total CPU time (on all processors): 00:00:01


