EDA Netlist Writer report for BCDtoSSeg
<<<<<<< HEAD
Thu Jun 16 08:54:50 2022
=======
Sat May 21 00:55:26 2022
>>>>>>> c50d3fb96174643d6122ecbb4bebbab79d85f437
Quartus Prime Version 20.1.1 Build 720 11/11/2020 SJ Lite Edition


---------------------
; Table of Contents ;
---------------------
  1. Legal Notice
  2. EDA Netlist Writer Summary
  3. Simulation Settings
  4. Simulation Generated Files
  5. EDA Netlist Writer Messages



----------------
; Legal Notice ;
----------------
Copyright (C) 2020  Intel Corporation. All rights reserved.
Your use of Intel Corporation's design tools, logic functions 
and other software and tools, and any partner logic 
functions, and any output files from any of the foregoing 
(including device programming or simulation files), and any 
associated documentation or information are expressly subject 
to the terms and conditions of the Intel Program License 
Subscription Agreement, the Intel Quartus Prime License Agreement,
the Intel FPGA IP License Agreement, or other applicable license
agreement, including, without limitation, that your use is for
the sole purpose of programming logic devices manufactured by
Intel and sold by Intel or its authorized distributors.  Please
refer to the applicable agreement for further details, at
https://fpgasoftware.intel.com/eula.



+-------------------------------------------------------------------+
; EDA Netlist Writer Summary                                        ;
+---------------------------+---------------------------------------+
<<<<<<< HEAD
; EDA Netlist Writer Status ; Successful - Thu Jun 16 08:54:50 2022 ;
=======
; EDA Netlist Writer Status ; Successful - Sat May 21 00:55:26 2022 ;
>>>>>>> c50d3fb96174643d6122ecbb4bebbab79d85f437
; Revision Name             ; BCDtoSSeg                             ;
; Top-level Entity Name     ; display                               ;
; Family                    ; Cyclone IV E                          ;
; Simulation Files Creation ; Successful                            ;
+---------------------------+---------------------------------------+


+-------------------------------------------------------------------------------------------------------------------------------+
; Simulation Settings                                                                                                           ;
+---------------------------------------------------------------------------------------------------+---------------------------+
; Option                                                                                            ; Setting                   ;
+---------------------------------------------------------------------------------------------------+---------------------------+
; Tool Name                                                                                         ; ModelSim-Altera (Verilog) ;
; Generate functional simulation netlist                                                            ; On                        ;
; Truncate long hierarchy paths                                                                     ; Off                       ;
; Map illegal HDL characters                                                                        ; Off                       ;
; Flatten buses into individual nodes                                                               ; Off                       ;
; Maintain hierarchy                                                                                ; Off                       ;
; Bring out device-wide set/reset signals as ports                                                  ; Off                       ;
; Enable glitch filtering                                                                           ; Off                       ;
; Do not write top level VHDL entity                                                                ; Off                       ;
; Disable detection of setup and hold time violations in the input registers of bi-directional pins ; Off                       ;
; Architecture name in VHDL output netlist                                                          ; structure                 ;
; Generate third-party EDA tool command script for RTL functional simulation                        ; Off                       ;
; Generate third-party EDA tool command script for gate-level simulation                            ; Off                       ;
+---------------------------------------------------------------------------------------------------+---------------------------+


+-------------------------------------------------------------------------------------------------------+
; Simulation Generated Files                                                                            ;
+-------------------------------------------------------------------------------------------------------+
; Generated Files                                                                                       ;
+-------------------------------------------------------------------------------------------------------+
; C:/Users/user/Documents/GitHub/lab03-2022-1-grupo03-22-1-os_melhores/simulation/modelsim/BCDtoSSeg.vo ;
+-------------------------------------------------------------------------------------------------------+


+-----------------------------+
; EDA Netlist Writer Messages ;
+-----------------------------+
Info: *******************************************************************
Info: Running Quartus Prime EDA Netlist Writer
    Info: Version 20.1.1 Build 720 11/11/2020 SJ Lite Edition
<<<<<<< HEAD
    Info: Processing started: Thu Jun 16 08:54:49 2022
=======
    Info: Processing started: Sat May 21 00:55:26 2022
>>>>>>> c50d3fb96174643d6122ecbb4bebbab79d85f437
Info: Command: quartus_eda --read_settings_files=off --write_settings_files=off Lab03-BCDtoSSeg -c BCDtoSSeg
Warning (18236): Number of processors has not been specified which may cause overloading on shared machines.  Set the global assignment NUM_PARALLEL_PROCESSORS in your QSF to an appropriate value for best performance.
Info (204019): Generated file BCDtoSSeg.vo in folder "C:/Users/user/Documents/GitHub/lab03-2022-1-grupo03-22-1-os_melhores/simulation/modelsim/" for EDA simulation tool
Info: Quartus Prime EDA Netlist Writer was successful. 0 errors, 1 warning
    Info: Peak virtual memory: 4634 megabytes
<<<<<<< HEAD
    Info: Processing ended: Thu Jun 16 08:54:50 2022
    Info: Elapsed time: 00:00:01
=======
    Info: Processing ended: Sat May 21 00:55:26 2022
    Info: Elapsed time: 00:00:00
>>>>>>> c50d3fb96174643d6122ecbb4bebbab79d85f437
    Info: Total CPU time (on all processors): 00:00:01


